5-6-2025 16:38:40 - verbose: Arguments:
5-6-2025 16:38:40 - verbose:   /Applications/Cocos/Creator/3.7.4/CocosCreator.app/Contents/MacOS/CocosCreator: true
5-6-2025 16:38:40 - verbose:   project: /Users/ADMIN/Desktop/BubbleShooterCandy_Github/BubbleShooterCandy_Cocos
5-6-2025 16:38:40 - verbose:   can-show-upgrade-dialog: true
5-6-2025 16:38:40 - verbose:   dev: false
5-6-2025 16:38:40 - verbose:   home: /Users/ADMIN/.CocosCreator
5-6-2025 16:38:40 - verbose:  
5-6-2025 16:38:44 - verbose: [Package] menu@1.0.0 enable
5-6-2025 16:38:44 - verbose: [Package] profile@1.0.0 enable
5-6-2025 16:38:44 - verbose: [Package] project@1.0.4 enable
5-6-2025 16:38:44 - verbose: [Package] messages@1.0.0 enable
5-6-2025 16:38:44 - verbose: [Package] program@1.0.3 enable
5-6-2025 16:38:44 - verbose: [Package] tester@1.0.0 enable
5-6-2025 16:38:44 - verbose: [Package] information@1.0.0 enable
5-6-2025 16:38:44 - verbose: [Package] preferences@1.0.0 enable
5-6-2025 16:38:45 - log: Load engine in /Applications/Cocos/Creator/3.7.4/CocosCreator.app/Contents/Resources/resources/3d/engine
5-6-2025 16:38:45 - log: Profile changed: engine (modules.includeModules: 2d,animation,audio,base,dragon-bones,gfx-webgl,gfx-webgl2,intersection-2d,particle-2d,physics-2d-box2d,profiler,spine,tiled-map,tween,ui,video,webview)
5-6-2025 16:38:45 - log: Register native engine in /Applications/Cocos/Creator/3.7.4/CocosCreator.app/Contents/Resources/resources/3d/engine/native
5-6-2025 16:38:45 - verbose: [Package] engine@1.0.7 enable
5-6-2025 16:38:46 - verbose: [Package] programming@1.0.0 enable
5-6-2025 16:38:46 - verbose: [Package] device@1.0.1 enable
5-6-2025 16:38:46 - verbose: [Package] ui-kit@1.0.1 enable
5-6-2025 16:38:46 - verbose: [Package] asset-db@1.0.0 enable
5-6-2025 16:38:46 - verbose: [Package] scene@1.0.0 enable
5-6-2025 16:38:46 - verbose: [Package] server@1.0.0 enable
5-6-2025 16:38:46 - verbose: [Package] utils@1.0.0 enable
5-6-2025 16:38:48 - verbose: [Package] preview@1.0.1 enable
5-6-2025 16:38:49 - verbose: [Package] animator@1.0.0 enable
5-6-2025 16:38:49 - verbose: [Build-plugin] register pkg scene: 1ms
5-6-2025 16:38:49 - verbose: Builder PluginManager init: 1ms
5-6-2025 16:38:49 - verbose: [Package] builder@1.3.5 enable
5-6-2025 16:38:49 - verbose: [Package] shortcuts@1.0.1 enable
5-6-2025 16:38:49 - verbose: [Package] animation-graph@1.0.0 enable
5-6-2025 16:38:49 - verbose: [Package] about@1.0.0 enable
5-6-2025 16:38:49 - verbose: [Package] assets@1.0.0 enable
5-6-2025 16:38:49 - verbose: [Package] console@1.0.0 enable
5-6-2025 16:38:49 - verbose: [Package] crash-reporter@1.0.0 enable
5-6-2025 16:38:49 - verbose: [Package] extension@3.1.1 enable
5-6-2025 16:38:49 - verbose: [Package] hierarchy@1.0.0 enable
5-6-2025 16:38:49 - verbose: [Package] inspector@1.0.0 enable
5-6-2025 16:38:49 - verbose: [Package] light-probe@1.0.4 enable
5-6-2025 16:38:49 - verbose: [Package] lightmap@1.0.4 enable
5-6-2025 16:38:49 - verbose: [Package] node-library@1.0.1 enable
5-6-2025 16:38:49 - verbose: [Package] package-asset@1.0.1 enable
5-6-2025 16:38:49 - verbose: [Package] process@1.0.0 enable
5-6-2025 16:38:49 - verbose: [Package] reference-image@1.0.0 enable
5-6-2025 16:38:49 - verbose: [Package] reflection-probe@1.0.4 enable
5-6-2025 16:38:49 - verbose: [Package] engine-extends@1.0.0 enable
5-6-2025 16:38:49 - verbose: [Package] alipay-mini-game@1.0.1 enable
5-6-2025 16:38:49 - verbose: [Package] android@1.0.1 enable
5-6-2025 16:38:49 - verbose: [Package] bytedance-mini-game@1.0.2 enable
5-6-2025 16:38:49 - verbose: [Package] certificate@1.0.0 enable
5-6-2025 16:38:49 - verbose: [Package] channel-upload-tools@1.0.0 enable
5-6-2025 16:38:49 - verbose: [Package] fb-instant-games@1.0.0 enable
5-6-2025 16:38:49 - verbose: [Package] huawei-agc@1.0.0 enable
5-6-2025 16:38:49 - verbose: [Package] huawei-quick-game@1.0.1 enable
5-6-2025 16:38:50 - verbose: [Package] ios@1.0.0 enable
5-6-2025 16:38:50 - verbose: [Build-plugin] register pkg android: 332ms
5-6-2025 16:38:50 - verbose: [Build-plugin] register pkg bytedance-mini-game: 295ms
5-6-2025 16:38:50 - verbose: [Build-plugin] register pkg fb-instant-games: 226ms
5-6-2025 16:38:50 - verbose: [Build-plugin] register pkg huawei-agc: 219ms
5-6-2025 16:38:50 - verbose: [Package] linux@1.0.0 enable
5-6-2025 16:38:50 - verbose: [Package] mac@1.0.0 enable
5-6-2025 16:38:50 - verbose: [Package] native@1.0.2 enable
5-6-2025 16:38:50 - verbose: [Build-plugin] register pkg native: 24ms
5-6-2025 16:38:50 - verbose: [Package] ohos@1.0.0 enable
5-6-2025 16:38:50 - verbose: [Build-plugin] register pkg huawei-quick-game: 299ms
5-6-2025 16:38:50 - verbose: [Package] open-harmonyos@1.0.0 enable
5-6-2025 16:38:50 - verbose: [Build-plugin] register pkg ios: 158ms
5-6-2025 16:38:50 - verbose: [Package] oppo-mini-game@1.0.1 enable
5-6-2025 16:38:50 - verbose: [Package] runtime-dev-tools@1.0.0 enable
5-6-2025 16:38:50 - verbose: [Package] taobao-creative-app@1.0.0 enable
5-6-2025 16:38:50 - verbose: [Package] taobao-mini-game@1.0.0 enable
5-6-2025 16:38:50 - verbose: asset-db is ready!
5-6-2025 16:38:50 - verbose: [Package] vivo-mini-game@1.0.1 enable
5-6-2025 16:38:50 - verbose: [Build-plugin] register pkg mac: 222ms
5-6-2025 16:38:50 - verbose: [Package] web-desktop@1.0.1 enable
5-6-2025 16:38:50 - verbose: [Package] web-mobile@1.0.1 enable
5-6-2025 16:38:50 - verbose: [Package] wechatgame@1.0.2 enable
5-6-2025 16:38:50 - verbose: [Build-plugin] register pkg ohos: 226ms
5-6-2025 16:38:50 - verbose: [Package] wechatprogram@1.0.2 enable
5-6-2025 16:38:50 - verbose: [Package] windows@1.0.1 enable
5-6-2025 16:38:50 - verbose: [Build-plugin] register pkg vivo-mini-game: 137ms
5-6-2025 16:38:50 - verbose: [Package] xiaomi-quick-game@1.0.1 enable
5-6-2025 16:38:50 - verbose: [Build-plugin] register pkg oppo-mini-game: 246ms
5-6-2025 16:38:50 - verbose: [Package] cocos-service@3.0.7 enable
5-6-2025 16:38:50 - verbose: [Build-plugin] register pkg cocos-service: 18ms
5-6-2025 16:38:50 - verbose: [Build-plugin] register pkg taobao-creative-app: 344ms
5-6-2025 16:38:50 - verbose: [Build-plugin] register pkg taobao-mini-game: 323ms
5-6-2025 16:38:50 - verbose: [Build-plugin] register pkg wechatgame: 219ms
5-6-2025 16:38:50 - verbose: [Build-plugin] register pkg web-desktop: 270ms
5-6-2025 16:38:50 - verbose: [Package] im-plugin@3.0.12 enable
5-6-2025 16:38:50 - verbose: [Build-plugin] register pkg web-mobile: 345ms
5-6-2025 16:38:50 - verbose: [Build-plugin] register pkg windows: 278ms
5-6-2025 16:38:50 - verbose: [Build-plugin] register pkg xiaomi-quick-game: 256ms
5-6-2025 16:38:50 - verbose: [Package] placeholder@1.0.0 enable
5-6-2025 16:38:52 - info: [Scene] [Physics][Bullet]: Using asmjs Bullet libs.
5-6-2025 16:38:52 - info: [Scene] [PHYSICS]: using builtin.
5-6-2025 16:38:53 - log: [Scene] Cocos Creator v3.7.4
5-6-2025 16:38:53 - info: [Scene] Forward render pipeline initialized.
5-6-2025 16:38:53 - info: [Scene] [PHYSICS2D]: switch from builtin to box2d.
5-6-2025 16:38:55 - log: [Window] Deprecated as of 10.7.0. highlight(lang, code, ...args) has been deprecated.
5-6-2025 16:38:55 - log: [Window] Deprecated as of 10.7.0. Please use highlight(code, options) instead.
https://github.com/highlightjs/highlight.js/issues/2277
5-6-2025 16:38:55 - warn: Please set the application in Preferences -> External Programs -> Default Script Editor to better open the script
5-6-2025 16:40:02 - warn: Please set the application in Preferences -> External Programs -> Default Script Editor to better open the script
