debug: Tue, 06 May 2025 23:38:48 GMT
debug: Project: /Users/ADMIN/Desktop/BubbleShooterCandy_Github/BubbleShooterCandy_Cocos
debug: Targets: editor,preview
debug: Incremental file seems great.
debug: Engine path: /Applications/Cocos/Creator/3.7.4/CocosCreator.app/Contents/Resources/resources/3d/engine
debug: Initializing target [Editor]
debug: Loading cache
debug: Loading cache costs 0.6597080007195473ms.
debug: Engine features shipped in editor: base,gfx-webgl,gfx-webgl2,gfx-empty,3d,animation,skeletal-animation,2d,ui,particle,particle-2d,physics-framework,physics-2d-framework,intersection-2d,primitive,profiler,occlusion-query,geometry-renderer,debug-renderer,audio,video,xr,light-probe,terrain,webview,tween,tiled-map,spine,dragon-bones,marionette,custom-pipeline,websocket,websocket-server
debug: Our import map(foo:/bar): {
  "imports": {
    "cc": "cce:/internal/x/cc"
  }
}
debug: Initializing target [Preview]
debug: Loading cache
debug: Loading cache costs 0.600041002035141ms.
debug: Our import map(foo:/bar): {
  "imports": {
    "cc": "cce:/internal/x/cc"
  }
}
debug: Sync engine features: 2d,animation,audio,base,dragon-bones,gfx-webgl,gfx-webgl2,intersection-2d,particle-2d,physics-2d-box2d,profiler,spine,tiled-map,tween,ui,video,webview
debug: Reset databases. Enumerated domains: [
  {
    "root": "db://internal/",
    "physical": "/Applications/Cocos/Creator/3.7.4/CocosCreator.app/Contents/Resources/resources/3d/engine/editor/assets"
  },
  {
    "root": "db://assets/",
    "physical": "/Users/ADMIN/Desktop/BubbleShooterCandy_Github/BubbleShooterCandy_Cocos/assets"
  }
]
debug: Our import map(foo:/bar): {
  "imports": {
    "cc": "cce:/internal/x/cc",
    "db://internal/": "file:///Applications/Cocos/Creator/3.7.4/CocosCreator.app/Contents/Resources/resources/3d/engine/editor/assets/",
    "db://assets/": "file:///Users/ADMIN/Desktop/BubbleShooterCandy_Github/BubbleShooterCandy_Cocos/assets/"
  }
}
debug: Our import map(foo:/bar): {
  "imports": {
    "cc": "cce:/internal/x/cc",
    "db://internal/": "file:///Applications/Cocos/Creator/3.7.4/CocosCreator.app/Contents/Resources/resources/3d/engine/editor/assets/",
    "db://assets/": "file:///Users/ADMIN/Desktop/BubbleShooterCandy_Github/BubbleShooterCandy_Cocos/assets/"
  }
}
debug: Pulling asset-db.
debug: Fetch asset-db cost: 3.557124998420477ms.
debug: Build iteration starts.
Number of accumulated asset changes: 12
Feature changed: false
debug: Target(editor) build started.
debug: Detected change: cce:/internal/x/cc. Last mtime: Wed Dec 31 1969 16:00:02 GMT-0800 (Pacific Standard Time), Current mtime: Wed Dec 31 1969 16:00:02 GMT-0800 (Pacific Standard Time)
debug: Inspect cce:/internal/x/cc
debug: Resolve cce:/internal/x/cc-fu/base from cce:/internal/x/cc as external dependency cce:/internal/x/cc-fu/base.
debug: Resolve cce:/internal/x/cc-fu/gfx-webgl from cce:/internal/x/cc as external dependency cce:/internal/x/cc-fu/gfx-webgl.
debug: Resolve cce:/internal/x/cc-fu/gfx-webgl2 from cce:/internal/x/cc as external dependency cce:/internal/x/cc-fu/gfx-webgl2.
debug: Resolve cce:/internal/x/cc-fu/gfx-empty from cce:/internal/x/cc as external dependency cce:/internal/x/cc-fu/gfx-empty.
debug: Resolve cce:/internal/x/cc-fu/3d from cce:/internal/x/cc as external dependency cce:/internal/x/cc-fu/3d.
debug: Resolve cce:/internal/x/cc-fu/animation from cce:/internal/x/cc as external dependency cce:/internal/x/cc-fu/animation.
debug: Resolve cce:/internal/x/cc-fu/skeletal-animation from cce:/internal/x/cc as external dependency cce:/internal/x/cc-fu/skeletal-animation.
debug: Resolve cce:/internal/x/cc-fu/2d from cce:/internal/x/cc as external dependency cce:/internal/x/cc-fu/2d.
debug: Resolve cce:/internal/x/cc-fu/sorting from cce:/internal/x/cc as external dependency cce:/internal/x/cc-fu/sorting.
debug: Resolve cce:/internal/x/cc-fu/ui from cce:/internal/x/cc as external dependency cce:/internal/x/cc-fu/ui.
debug: Resolve cce:/internal/x/cc-fu/particle from cce:/internal/x/cc as external dependency cce:/internal/x/cc-fu/particle.
debug: Resolve cce:/internal/x/cc-fu/particle-2d from cce:/internal/x/cc as external dependency cce:/internal/x/cc-fu/particle-2d.
debug: Resolve cce:/internal/x/cc-fu/physics-framework from cce:/internal/x/cc as external dependency cce:/internal/x/cc-fu/physics-framework.
debug: Resolve cce:/internal/x/cc-fu/physics-2d-framework from cce:/internal/x/cc as external dependency cce:/internal/x/cc-fu/physics-2d-framework.
debug: Resolve cce:/internal/x/cc-fu/intersection-2d from cce:/internal/x/cc as external dependency cce:/internal/x/cc-fu/intersection-2d.
debug: Resolve cce:/internal/x/cc-fu/primitive from cce:/internal/x/cc as external dependency cce:/internal/x/cc-fu/primitive.
debug: Resolve cce:/internal/x/cc-fu/profiler from cce:/internal/x/cc as external dependency cce:/internal/x/cc-fu/profiler.
debug: Resolve cce:/internal/x/cc-fu/geometry-renderer from cce:/internal/x/cc as external dependency cce:/internal/x/cc-fu/geometry-renderer.
debug: Resolve cce:/internal/x/cc-fu/audio from cce:/internal/x/cc as external dependency cce:/internal/x/cc-fu/audio.
debug: Resolve cce:/internal/x/cc-fu/video from cce:/internal/x/cc as external dependency cce:/internal/x/cc-fu/video.
debug: Resolve cce:/internal/x/cc-fu/xr from cce:/internal/x/cc as external dependency cce:/internal/x/cc-fu/xr.
debug: Resolve cce:/internal/x/cc-fu/light-probe from cce:/internal/x/cc as external dependency cce:/internal/x/cc-fu/light-probe.
debug: Resolve cce:/internal/x/cc-fu/terrain from cce:/internal/x/cc as external dependency cce:/internal/x/cc-fu/terrain.
debug: Resolve cce:/internal/x/cc-fu/webview from cce:/internal/x/cc as external dependency cce:/internal/x/cc-fu/webview.
debug: Resolve cce:/internal/x/cc-fu/tween from cce:/internal/x/cc as external dependency cce:/internal/x/cc-fu/tween.
debug: Resolve cce:/internal/x/cc-fu/tiled-map from cce:/internal/x/cc as external dependency cce:/internal/x/cc-fu/tiled-map.
debug: Resolve cce:/internal/x/cc-fu/spine from cce:/internal/x/cc as external dependency cce:/internal/x/cc-fu/spine.
debug: Resolve cce:/internal/x/cc-fu/dragon-bones from cce:/internal/x/cc as external dependency cce:/internal/x/cc-fu/dragon-bones.
debug: Resolve cce:/internal/x/cc-fu/custom-pipeline from cce:/internal/x/cc as external dependency cce:/internal/x/cc-fu/custom-pipeline.
debug: Detected change: cce:/internal/x/prerequisite-imports. Last mtime: Wed Dec 31 1969 16:00:05 GMT-0800 (Pacific Standard Time), Current mtime: Wed Dec 31 1969 16:00:02 GMT-0800 (Pacific Standard Time)
debug: Inspect cce:/internal/x/prerequisite-imports
debug: Resolve file:///Applications/Cocos/Creator/3.7.4/CocosCreator.app/Contents/Resources/resources/3d/engine/editor/assets/tools/debug-view-runtime-control.ts from cce:/internal/x/prerequisite-imports as file:///Applications/Cocos/Creator/3.7.4/CocosCreator.app/Contents/Resources/resources/3d/engine/editor/assets/tools/debug-view-runtime-control.ts.
debug: Resolve cc from file:///Applications/Cocos/Creator/3.7.4/CocosCreator.app/Contents/Resources/resources/3d/engine/editor/assets/tools/debug-view-runtime-control.ts as cce:/internal/x/cc.
debug: Resolve cc from file:///Applications/Cocos/Creator/3.7.4/CocosCreator.app/Contents/Resources/resources/3d/engine/editor/assets/tools/debug-view-runtime-control.ts as cce:/internal/x/cc.
debug: Resolve cc from file:///Applications/Cocos/Creator/3.7.4/CocosCreator.app/Contents/Resources/resources/3d/engine/editor/assets/tools/debug-view-runtime-control.ts as cce:/internal/x/cc.
debug: Resolve file:///Users/ADMIN/Desktop/BubbleShooterCandy_Github/BubbleShooterCandy_Cocos/assets/Scripts/DataType.ts from cce:/internal/x/prerequisite-imports as file:///Users/ADMIN/Desktop/BubbleShooterCandy_Github/BubbleShooterCandy_Cocos/assets/Scripts/DataType.ts.
debug: Resolve cc from file:///Users/ADMIN/Desktop/BubbleShooterCandy_Github/BubbleShooterCandy_Cocos/assets/Scripts/DataType.ts as cce:/internal/x/cc.
debug: Resolve file:///Users/ADMIN/Desktop/BubbleShooterCandy_Github/BubbleShooterCandy_Cocos/assets/Scripts/DataUser/DataGame.ts from cce:/internal/x/prerequisite-imports as file:///Users/ADMIN/Desktop/BubbleShooterCandy_Github/BubbleShooterCandy_Cocos/assets/Scripts/DataUser/DataGame.ts.
debug: Resolve cc from file:///Users/ADMIN/Desktop/BubbleShooterCandy_Github/BubbleShooterCandy_Cocos/assets/Scripts/DataUser/DataGame.ts as cce:/internal/x/cc.
debug: Resolve cc from file:///Users/ADMIN/Desktop/BubbleShooterCandy_Github/BubbleShooterCandy_Cocos/assets/Scripts/DataUser/DataGame.ts as cce:/internal/x/cc.
debug: Resolve cc from file:///Users/ADMIN/Desktop/BubbleShooterCandy_Github/BubbleShooterCandy_Cocos/assets/Scripts/DataUser/DataGame.ts as cce:/internal/x/cc.
debug: Resolve file:///Users/ADMIN/Desktop/BubbleShooterCandy_Github/BubbleShooterCandy_Cocos/assets/Scripts/GameController.ts from cce:/internal/x/prerequisite-imports as file:///Users/ADMIN/Desktop/BubbleShooterCandy_Github/BubbleShooterCandy_Cocos/assets/Scripts/GameController.ts.
debug: Resolve cce:/internal/code-quality/cr.mjs from file:///Users/ADMIN/Desktop/BubbleShooterCandy_Github/BubbleShooterCandy_Cocos/assets/Scripts/GameController.ts as cce:/internal/code-quality/cr.mjs.
debug: Detected change: cce:/internal/code-quality/cr.mjs. Last mtime: Tue May 06 2025 16:35:44 GMT-0700 (Pacific Daylight Time), Current mtime: Tue May 06 2025 16:38:46 GMT-0700 (Pacific Daylight Time)
debug: Inspect cce:/internal/code-quality/cr.mjs
debug: Resolve cc from file:///Users/ADMIN/Desktop/BubbleShooterCandy_Github/BubbleShooterCandy_Cocos/assets/Scripts/GameController.ts as cce:/internal/x/cc.
debug: Resolve cc from file:///Users/ADMIN/Desktop/BubbleShooterCandy_Github/BubbleShooterCandy_Cocos/assets/Scripts/GameController.ts as cce:/internal/x/cc.
debug: Resolve cc from file:///Users/ADMIN/Desktop/BubbleShooterCandy_Github/BubbleShooterCandy_Cocos/assets/Scripts/GameController.ts as cce:/internal/x/cc.
debug: Resolve ./GameModel from file:///Users/ADMIN/Desktop/BubbleShooterCandy_Github/BubbleShooterCandy_Cocos/assets/Scripts/GameController.ts as file:///Users/ADMIN/Desktop/BubbleShooterCandy_Github/BubbleShooterCandy_Cocos/assets/Scripts/GameModel.ts.
debug: Resolve cc from file:///Users/ADMIN/Desktop/BubbleShooterCandy_Github/BubbleShooterCandy_Cocos/assets/Scripts/GameModel.ts as cce:/internal/x/cc.
debug: Resolve cc from file:///Users/ADMIN/Desktop/BubbleShooterCandy_Github/BubbleShooterCandy_Cocos/assets/Scripts/GameModel.ts as cce:/internal/x/cc.
debug: Resolve cc from file:///Users/ADMIN/Desktop/BubbleShooterCandy_Github/BubbleShooterCandy_Cocos/assets/Scripts/GameModel.ts as cce:/internal/x/cc.
debug: Resolve ./GameView from file:///Users/ADMIN/Desktop/BubbleShooterCandy_Github/BubbleShooterCandy_Cocos/assets/Scripts/GameController.ts as file:///Users/ADMIN/Desktop/BubbleShooterCandy_Github/BubbleShooterCandy_Cocos/assets/Scripts/GameView.ts.
debug: Resolve cc from file:///Users/ADMIN/Desktop/BubbleShooterCandy_Github/BubbleShooterCandy_Cocos/assets/Scripts/GameView.ts as cce:/internal/x/cc.
debug: Resolve cc from file:///Users/ADMIN/Desktop/BubbleShooterCandy_Github/BubbleShooterCandy_Cocos/assets/Scripts/GameView.ts as cce:/internal/x/cc.
debug: Resolve cc from file:///Users/ADMIN/Desktop/BubbleShooterCandy_Github/BubbleShooterCandy_Cocos/assets/Scripts/GameView.ts as cce:/internal/x/cc.
debug: Resolve ./Splash/Controller from file:///Users/ADMIN/Desktop/BubbleShooterCandy_Github/BubbleShooterCandy_Cocos/assets/Scripts/GameController.ts as file:///Users/ADMIN/Desktop/BubbleShooterCandy_Github/BubbleShooterCandy_Cocos/assets/Scripts/Splash/Controller.ts.
debug: Resolve cc from file:///Users/ADMIN/Desktop/BubbleShooterCandy_Github/BubbleShooterCandy_Cocos/assets/Scripts/Splash/Controller.ts as cce:/internal/x/cc.
debug: Resolve cc from file:///Users/ADMIN/Desktop/BubbleShooterCandy_Github/BubbleShooterCandy_Cocos/assets/Scripts/Splash/Controller.ts as cce:/internal/x/cc.
debug: Resolve cc from file:///Users/ADMIN/Desktop/BubbleShooterCandy_Github/BubbleShooterCandy_Cocos/assets/Scripts/Splash/Controller.ts as cce:/internal/x/cc.
debug: Resolve ./StoredAPI from file:///Users/ADMIN/Desktop/BubbleShooterCandy_Github/BubbleShooterCandy_Cocos/assets/Scripts/GameController.ts as file:///Users/ADMIN/Desktop/BubbleShooterCandy_Github/BubbleShooterCandy_Cocos/assets/Scripts/StoredAPI.ts.
debug: Resolve cc from file:///Users/ADMIN/Desktop/BubbleShooterCandy_Github/BubbleShooterCandy_Cocos/assets/Scripts/StoredAPI.ts as cce:/internal/x/cc.
debug: Resolve cc from file:///Users/ADMIN/Desktop/BubbleShooterCandy_Github/BubbleShooterCandy_Cocos/assets/Scripts/StoredAPI.ts as cce:/internal/x/cc.
debug: Resolve cc from file:///Users/ADMIN/Desktop/BubbleShooterCandy_Github/BubbleShooterCandy_Cocos/assets/Scripts/StoredAPI.ts as cce:/internal/x/cc.
debug: Resolve ./DataUser/DataGame from file:///Users/ADMIN/Desktop/BubbleShooterCandy_Github/BubbleShooterCandy_Cocos/assets/Scripts/GameController.ts as file:///Users/ADMIN/Desktop/BubbleShooterCandy_Github/BubbleShooterCandy_Cocos/assets/Scripts/DataUser/DataGame.ts.
debug: Resolve file:///Users/ADMIN/Desktop/BubbleShooterCandy_Github/BubbleShooterCandy_Cocos/assets/Scripts/GameModel.ts from cce:/internal/x/prerequisite-imports as file:///Users/ADMIN/Desktop/BubbleShooterCandy_Github/BubbleShooterCandy_Cocos/assets/Scripts/GameModel.ts.
debug: Resolve file:///Users/ADMIN/Desktop/BubbleShooterCandy_Github/BubbleShooterCandy_Cocos/assets/Scripts/GameView.ts from cce:/internal/x/prerequisite-imports as file:///Users/ADMIN/Desktop/BubbleShooterCandy_Github/BubbleShooterCandy_Cocos/assets/Scripts/GameView.ts.
debug: Resolve file:///Users/ADMIN/Desktop/BubbleShooterCandy_Github/BubbleShooterCandy_Cocos/assets/Scripts/Loading/Controller.ts from cce:/internal/x/prerequisite-imports as file:///Users/ADMIN/Desktop/BubbleShooterCandy_Github/BubbleShooterCandy_Cocos/assets/Scripts/Loading/Controller.ts.
debug: Resolve cc from file:///Users/ADMIN/Desktop/BubbleShooterCandy_Github/BubbleShooterCandy_Cocos/assets/Scripts/Loading/Controller.ts as cce:/internal/x/cc.
debug: Resolve cc from file:///Users/ADMIN/Desktop/BubbleShooterCandy_Github/BubbleShooterCandy_Cocos/assets/Scripts/Loading/Controller.ts as cce:/internal/x/cc.
debug: Resolve cc from file:///Users/ADMIN/Desktop/BubbleShooterCandy_Github/BubbleShooterCandy_Cocos/assets/Scripts/Loading/Controller.ts as cce:/internal/x/cc.
debug: Resolve file:///Users/ADMIN/Desktop/BubbleShooterCandy_Github/BubbleShooterCandy_Cocos/assets/Scripts/MenuController.ts from cce:/internal/x/prerequisite-imports as file:///Users/ADMIN/Desktop/BubbleShooterCandy_Github/BubbleShooterCandy_Cocos/assets/Scripts/MenuController.ts.
debug: Resolve cce:/internal/code-quality/cr.mjs from file:///Users/ADMIN/Desktop/BubbleShooterCandy_Github/BubbleShooterCandy_Cocos/assets/Scripts/MenuController.ts as cce:/internal/code-quality/cr.mjs.
debug: Resolve cc from file:///Users/ADMIN/Desktop/BubbleShooterCandy_Github/BubbleShooterCandy_Cocos/assets/Scripts/MenuController.ts as cce:/internal/x/cc.
debug: Resolve cc from file:///Users/ADMIN/Desktop/BubbleShooterCandy_Github/BubbleShooterCandy_Cocos/assets/Scripts/MenuController.ts as cce:/internal/x/cc.
debug: Resolve cc from file:///Users/ADMIN/Desktop/BubbleShooterCandy_Github/BubbleShooterCandy_Cocos/assets/Scripts/MenuController.ts as cce:/internal/x/cc.
debug: Resolve ./MenuModel from file:///Users/ADMIN/Desktop/BubbleShooterCandy_Github/BubbleShooterCandy_Cocos/assets/Scripts/MenuController.ts as file:///Users/ADMIN/Desktop/BubbleShooterCandy_Github/BubbleShooterCandy_Cocos/assets/Scripts/MenuModel.ts.
debug: Resolve cc from file:///Users/ADMIN/Desktop/BubbleShooterCandy_Github/BubbleShooterCandy_Cocos/assets/Scripts/MenuModel.ts as cce:/internal/x/cc.
debug: Resolve cc from file:///Users/ADMIN/Desktop/BubbleShooterCandy_Github/BubbleShooterCandy_Cocos/assets/Scripts/MenuModel.ts as cce:/internal/x/cc.
debug: Resolve cc from file:///Users/ADMIN/Desktop/BubbleShooterCandy_Github/BubbleShooterCandy_Cocos/assets/Scripts/MenuModel.ts as cce:/internal/x/cc.
debug: Resolve ./MenuView from file:///Users/ADMIN/Desktop/BubbleShooterCandy_Github/BubbleShooterCandy_Cocos/assets/Scripts/MenuController.ts as file:///Users/ADMIN/Desktop/BubbleShooterCandy_Github/BubbleShooterCandy_Cocos/assets/Scripts/MenuView.ts.
debug: Resolve cc from file:///Users/ADMIN/Desktop/BubbleShooterCandy_Github/BubbleShooterCandy_Cocos/assets/Scripts/MenuView.ts as cce:/internal/x/cc.
debug: Resolve cc from file:///Users/ADMIN/Desktop/BubbleShooterCandy_Github/BubbleShooterCandy_Cocos/assets/Scripts/MenuView.ts as cce:/internal/x/cc.
debug: Resolve cc from file:///Users/ADMIN/Desktop/BubbleShooterCandy_Github/BubbleShooterCandy_Cocos/assets/Scripts/MenuView.ts as cce:/internal/x/cc.
debug: Resolve ./Splash/Controller from file:///Users/ADMIN/Desktop/BubbleShooterCandy_Github/BubbleShooterCandy_Cocos/assets/Scripts/MenuController.ts as file:///Users/ADMIN/Desktop/BubbleShooterCandy_Github/BubbleShooterCandy_Cocos/assets/Scripts/Splash/Controller.ts.
debug: Resolve file:///Users/ADMIN/Desktop/BubbleShooterCandy_Github/BubbleShooterCandy_Cocos/assets/Scripts/MenuModel.ts from cce:/internal/x/prerequisite-imports as file:///Users/ADMIN/Desktop/BubbleShooterCandy_Github/BubbleShooterCandy_Cocos/assets/Scripts/MenuModel.ts.
debug: Resolve file:///Users/ADMIN/Desktop/BubbleShooterCandy_Github/BubbleShooterCandy_Cocos/assets/Scripts/MenuView.ts from cce:/internal/x/prerequisite-imports as file:///Users/ADMIN/Desktop/BubbleShooterCandy_Github/BubbleShooterCandy_Cocos/assets/Scripts/MenuView.ts.
debug: Resolve file:///Users/ADMIN/Desktop/BubbleShooterCandy_Github/BubbleShooterCandy_Cocos/assets/Scripts/Splash/Controller.ts from cce:/internal/x/prerequisite-imports as file:///Users/ADMIN/Desktop/BubbleShooterCandy_Github/BubbleShooterCandy_Cocos/assets/Scripts/Splash/Controller.ts.
debug: Resolve file:///Users/ADMIN/Desktop/BubbleShooterCandy_Github/BubbleShooterCandy_Cocos/assets/Scripts/StoredAPI.ts from cce:/internal/x/prerequisite-imports as file:///Users/ADMIN/Desktop/BubbleShooterCandy_Github/BubbleShooterCandy_Cocos/assets/Scripts/StoredAPI.ts.
debug: Target(editor) ends with cost 46.40395800024271ms.
debug: Target(preview) build started.
debug: Detected change: cce:/internal/x/cc. Last mtime: Wed Dec 31 1969 16:00:02 GMT-0800 (Pacific Standard Time), Current mtime: Wed Dec 31 1969 16:00:02 GMT-0800 (Pacific Standard Time)
debug: Inspect cce:/internal/x/cc
debug: Resolve cce:/internal/x/cc-fu/2d from cce:/internal/x/cc as external dependency cce:/internal/x/cc-fu/2d.
debug: Resolve cce:/internal/x/cc-fu/sorting from cce:/internal/x/cc as external dependency cce:/internal/x/cc-fu/sorting.
debug: Resolve cce:/internal/x/cc-fu/animation from cce:/internal/x/cc as external dependency cce:/internal/x/cc-fu/animation.
debug: Resolve cce:/internal/x/cc-fu/audio from cce:/internal/x/cc as external dependency cce:/internal/x/cc-fu/audio.
debug: Resolve cce:/internal/x/cc-fu/base from cce:/internal/x/cc as external dependency cce:/internal/x/cc-fu/base.
debug: Resolve cce:/internal/x/cc-fu/dragon-bones from cce:/internal/x/cc as external dependency cce:/internal/x/cc-fu/dragon-bones.
debug: Resolve cce:/internal/x/cc-fu/gfx-webgl from cce:/internal/x/cc as external dependency cce:/internal/x/cc-fu/gfx-webgl.
debug: Resolve cce:/internal/x/cc-fu/gfx-webgl2 from cce:/internal/x/cc as external dependency cce:/internal/x/cc-fu/gfx-webgl2.
debug: Resolve cce:/internal/x/cc-fu/intersection-2d from cce:/internal/x/cc as external dependency cce:/internal/x/cc-fu/intersection-2d.
debug: Resolve cce:/internal/x/cc-fu/particle-2d from cce:/internal/x/cc as external dependency cce:/internal/x/cc-fu/particle-2d.
debug: Resolve cce:/internal/x/cc-fu/physics-2d-box2d from cce:/internal/x/cc as external dependency cce:/internal/x/cc-fu/physics-2d-box2d.
debug: Resolve cce:/internal/x/cc-fu/physics-2d-framework from cce:/internal/x/cc as external dependency cce:/internal/x/cc-fu/physics-2d-framework.
debug: Resolve cce:/internal/x/cc-fu/profiler from cce:/internal/x/cc as external dependency cce:/internal/x/cc-fu/profiler.
debug: Resolve cce:/internal/x/cc-fu/spine from cce:/internal/x/cc as external dependency cce:/internal/x/cc-fu/spine.
debug: Resolve cce:/internal/x/cc-fu/tiled-map from cce:/internal/x/cc as external dependency cce:/internal/x/cc-fu/tiled-map.
debug: Resolve cce:/internal/x/cc-fu/tween from cce:/internal/x/cc as external dependency cce:/internal/x/cc-fu/tween.
debug: Resolve cce:/internal/x/cc-fu/ui from cce:/internal/x/cc as external dependency cce:/internal/x/cc-fu/ui.
debug: Resolve cce:/internal/x/cc-fu/video from cce:/internal/x/cc as external dependency cce:/internal/x/cc-fu/video.
debug: Resolve cce:/internal/x/cc-fu/webview from cce:/internal/x/cc as external dependency cce:/internal/x/cc-fu/webview.
debug: Detected change: cce:/internal/x/prerequisite-imports. Last mtime: Wed Dec 31 1969 16:00:05 GMT-0800 (Pacific Standard Time), Current mtime: Wed Dec 31 1969 16:00:03 GMT-0800 (Pacific Standard Time)
debug: Inspect cce:/internal/x/prerequisite-imports
debug: Resolve file:///Applications/Cocos/Creator/3.7.4/CocosCreator.app/Contents/Resources/resources/3d/engine/editor/assets/tools/debug-view-runtime-control.ts from cce:/internal/x/prerequisite-imports as file:///Applications/Cocos/Creator/3.7.4/CocosCreator.app/Contents/Resources/resources/3d/engine/editor/assets/tools/debug-view-runtime-control.ts.
debug: Resolve cc from file:///Applications/Cocos/Creator/3.7.4/CocosCreator.app/Contents/Resources/resources/3d/engine/editor/assets/tools/debug-view-runtime-control.ts as cce:/internal/x/cc.
debug: Resolve cc from file:///Applications/Cocos/Creator/3.7.4/CocosCreator.app/Contents/Resources/resources/3d/engine/editor/assets/tools/debug-view-runtime-control.ts as cce:/internal/x/cc.
debug: Resolve cc from file:///Applications/Cocos/Creator/3.7.4/CocosCreator.app/Contents/Resources/resources/3d/engine/editor/assets/tools/debug-view-runtime-control.ts as cce:/internal/x/cc.
debug: Resolve file:///Users/ADMIN/Desktop/BubbleShooterCandy_Github/BubbleShooterCandy_Cocos/assets/Scripts/DataType.ts from cce:/internal/x/prerequisite-imports as file:///Users/ADMIN/Desktop/BubbleShooterCandy_Github/BubbleShooterCandy_Cocos/assets/Scripts/DataType.ts.
debug: Resolve cc from file:///Users/ADMIN/Desktop/BubbleShooterCandy_Github/BubbleShooterCandy_Cocos/assets/Scripts/DataType.ts as cce:/internal/x/cc.
debug: Resolve file:///Users/ADMIN/Desktop/BubbleShooterCandy_Github/BubbleShooterCandy_Cocos/assets/Scripts/DataUser/DataGame.ts from cce:/internal/x/prerequisite-imports as file:///Users/ADMIN/Desktop/BubbleShooterCandy_Github/BubbleShooterCandy_Cocos/assets/Scripts/DataUser/DataGame.ts.
debug: Resolve cc from file:///Users/ADMIN/Desktop/BubbleShooterCandy_Github/BubbleShooterCandy_Cocos/assets/Scripts/DataUser/DataGame.ts as cce:/internal/x/cc.
debug: Resolve cc from file:///Users/ADMIN/Desktop/BubbleShooterCandy_Github/BubbleShooterCandy_Cocos/assets/Scripts/DataUser/DataGame.ts as cce:/internal/x/cc.
debug: Resolve cc from file:///Users/ADMIN/Desktop/BubbleShooterCandy_Github/BubbleShooterCandy_Cocos/assets/Scripts/DataUser/DataGame.ts as cce:/internal/x/cc.
debug: Resolve file:///Users/ADMIN/Desktop/BubbleShooterCandy_Github/BubbleShooterCandy_Cocos/assets/Scripts/GameController.ts from cce:/internal/x/prerequisite-imports as file:///Users/ADMIN/Desktop/BubbleShooterCandy_Github/BubbleShooterCandy_Cocos/assets/Scripts/GameController.ts.
debug: Resolve cce:/internal/code-quality/cr.mjs from file:///Users/ADMIN/Desktop/BubbleShooterCandy_Github/BubbleShooterCandy_Cocos/assets/Scripts/GameController.ts as cce:/internal/code-quality/cr.mjs.
debug: Detected change: cce:/internal/code-quality/cr.mjs. Last mtime: Tue May 06 2025 16:35:44 GMT-0700 (Pacific Daylight Time), Current mtime: Tue May 06 2025 16:38:46 GMT-0700 (Pacific Daylight Time)
debug: Inspect cce:/internal/code-quality/cr.mjs
debug: Resolve cc from file:///Users/ADMIN/Desktop/BubbleShooterCandy_Github/BubbleShooterCandy_Cocos/assets/Scripts/GameController.ts as cce:/internal/x/cc.
debug: Resolve cc from file:///Users/ADMIN/Desktop/BubbleShooterCandy_Github/BubbleShooterCandy_Cocos/assets/Scripts/GameController.ts as cce:/internal/x/cc.
debug: Resolve cc from file:///Users/ADMIN/Desktop/BubbleShooterCandy_Github/BubbleShooterCandy_Cocos/assets/Scripts/GameController.ts as cce:/internal/x/cc.
debug: Resolve ./GameModel from file:///Users/ADMIN/Desktop/BubbleShooterCandy_Github/BubbleShooterCandy_Cocos/assets/Scripts/GameController.ts as file:///Users/ADMIN/Desktop/BubbleShooterCandy_Github/BubbleShooterCandy_Cocos/assets/Scripts/GameModel.ts.
debug: Resolve cc from file:///Users/ADMIN/Desktop/BubbleShooterCandy_Github/BubbleShooterCandy_Cocos/assets/Scripts/GameModel.ts as cce:/internal/x/cc.
debug: Resolve cc from file:///Users/ADMIN/Desktop/BubbleShooterCandy_Github/BubbleShooterCandy_Cocos/assets/Scripts/GameModel.ts as cce:/internal/x/cc.
debug: Resolve cc from file:///Users/ADMIN/Desktop/BubbleShooterCandy_Github/BubbleShooterCandy_Cocos/assets/Scripts/GameModel.ts as cce:/internal/x/cc.
debug: Resolve ./GameView from file:///Users/ADMIN/Desktop/BubbleShooterCandy_Github/BubbleShooterCandy_Cocos/assets/Scripts/GameController.ts as file:///Users/ADMIN/Desktop/BubbleShooterCandy_Github/BubbleShooterCandy_Cocos/assets/Scripts/GameView.ts.
debug: Resolve cc from file:///Users/ADMIN/Desktop/BubbleShooterCandy_Github/BubbleShooterCandy_Cocos/assets/Scripts/GameView.ts as cce:/internal/x/cc.
debug: Resolve cc from file:///Users/ADMIN/Desktop/BubbleShooterCandy_Github/BubbleShooterCandy_Cocos/assets/Scripts/GameView.ts as cce:/internal/x/cc.
debug: Resolve cc from file:///Users/ADMIN/Desktop/BubbleShooterCandy_Github/BubbleShooterCandy_Cocos/assets/Scripts/GameView.ts as cce:/internal/x/cc.
debug: Resolve ./Splash/Controller from file:///Users/ADMIN/Desktop/BubbleShooterCandy_Github/BubbleShooterCandy_Cocos/assets/Scripts/GameController.ts as file:///Users/ADMIN/Desktop/BubbleShooterCandy_Github/BubbleShooterCandy_Cocos/assets/Scripts/Splash/Controller.ts.
debug: Resolve cc from file:///Users/ADMIN/Desktop/BubbleShooterCandy_Github/BubbleShooterCandy_Cocos/assets/Scripts/Splash/Controller.ts as cce:/internal/x/cc.
debug: Resolve cc from file:///Users/ADMIN/Desktop/BubbleShooterCandy_Github/BubbleShooterCandy_Cocos/assets/Scripts/Splash/Controller.ts as cce:/internal/x/cc.
debug: Resolve cc from file:///Users/ADMIN/Desktop/BubbleShooterCandy_Github/BubbleShooterCandy_Cocos/assets/Scripts/Splash/Controller.ts as cce:/internal/x/cc.
debug: Resolve ./StoredAPI from file:///Users/ADMIN/Desktop/BubbleShooterCandy_Github/BubbleShooterCandy_Cocos/assets/Scripts/GameController.ts as file:///Users/ADMIN/Desktop/BubbleShooterCandy_Github/BubbleShooterCandy_Cocos/assets/Scripts/StoredAPI.ts.
debug: Resolve cc from file:///Users/ADMIN/Desktop/BubbleShooterCandy_Github/BubbleShooterCandy_Cocos/assets/Scripts/StoredAPI.ts as cce:/internal/x/cc.
debug: Resolve cc from file:///Users/ADMIN/Desktop/BubbleShooterCandy_Github/BubbleShooterCandy_Cocos/assets/Scripts/StoredAPI.ts as cce:/internal/x/cc.
debug: Resolve cc from file:///Users/ADMIN/Desktop/BubbleShooterCandy_Github/BubbleShooterCandy_Cocos/assets/Scripts/StoredAPI.ts as cce:/internal/x/cc.
debug: Resolve ./DataUser/DataGame from file:///Users/ADMIN/Desktop/BubbleShooterCandy_Github/BubbleShooterCandy_Cocos/assets/Scripts/GameController.ts as file:///Users/ADMIN/Desktop/BubbleShooterCandy_Github/BubbleShooterCandy_Cocos/assets/Scripts/DataUser/DataGame.ts.
debug: Resolve file:///Users/ADMIN/Desktop/BubbleShooterCandy_Github/BubbleShooterCandy_Cocos/assets/Scripts/GameModel.ts from cce:/internal/x/prerequisite-imports as file:///Users/ADMIN/Desktop/BubbleShooterCandy_Github/BubbleShooterCandy_Cocos/assets/Scripts/GameModel.ts.
debug: Resolve file:///Users/ADMIN/Desktop/BubbleShooterCandy_Github/BubbleShooterCandy_Cocos/assets/Scripts/GameView.ts from cce:/internal/x/prerequisite-imports as file:///Users/ADMIN/Desktop/BubbleShooterCandy_Github/BubbleShooterCandy_Cocos/assets/Scripts/GameView.ts.
debug: Resolve file:///Users/ADMIN/Desktop/BubbleShooterCandy_Github/BubbleShooterCandy_Cocos/assets/Scripts/Loading/Controller.ts from cce:/internal/x/prerequisite-imports as file:///Users/ADMIN/Desktop/BubbleShooterCandy_Github/BubbleShooterCandy_Cocos/assets/Scripts/Loading/Controller.ts.
debug: Resolve cc from file:///Users/ADMIN/Desktop/BubbleShooterCandy_Github/BubbleShooterCandy_Cocos/assets/Scripts/Loading/Controller.ts as cce:/internal/x/cc.
debug: Resolve cc from file:///Users/ADMIN/Desktop/BubbleShooterCandy_Github/BubbleShooterCandy_Cocos/assets/Scripts/Loading/Controller.ts as cce:/internal/x/cc.
debug: Resolve cc from file:///Users/ADMIN/Desktop/BubbleShooterCandy_Github/BubbleShooterCandy_Cocos/assets/Scripts/Loading/Controller.ts as cce:/internal/x/cc.
debug: Resolve file:///Users/ADMIN/Desktop/BubbleShooterCandy_Github/BubbleShooterCandy_Cocos/assets/Scripts/MenuController.ts from cce:/internal/x/prerequisite-imports as file:///Users/ADMIN/Desktop/BubbleShooterCandy_Github/BubbleShooterCandy_Cocos/assets/Scripts/MenuController.ts.
debug: Resolve cce:/internal/code-quality/cr.mjs from file:///Users/ADMIN/Desktop/BubbleShooterCandy_Github/BubbleShooterCandy_Cocos/assets/Scripts/MenuController.ts as cce:/internal/code-quality/cr.mjs.
debug: Resolve cc from file:///Users/ADMIN/Desktop/BubbleShooterCandy_Github/BubbleShooterCandy_Cocos/assets/Scripts/MenuController.ts as cce:/internal/x/cc.
debug: Resolve cc from file:///Users/ADMIN/Desktop/BubbleShooterCandy_Github/BubbleShooterCandy_Cocos/assets/Scripts/MenuController.ts as cce:/internal/x/cc.
debug: Resolve cc from file:///Users/ADMIN/Desktop/BubbleShooterCandy_Github/BubbleShooterCandy_Cocos/assets/Scripts/MenuController.ts as cce:/internal/x/cc.
debug: Resolve ./MenuModel from file:///Users/ADMIN/Desktop/BubbleShooterCandy_Github/BubbleShooterCandy_Cocos/assets/Scripts/MenuController.ts as file:///Users/ADMIN/Desktop/BubbleShooterCandy_Github/BubbleShooterCandy_Cocos/assets/Scripts/MenuModel.ts.
debug: Resolve cc from file:///Users/ADMIN/Desktop/BubbleShooterCandy_Github/BubbleShooterCandy_Cocos/assets/Scripts/MenuModel.ts as cce:/internal/x/cc.
debug: Resolve cc from file:///Users/ADMIN/Desktop/BubbleShooterCandy_Github/BubbleShooterCandy_Cocos/assets/Scripts/MenuModel.ts as cce:/internal/x/cc.
debug: Resolve cc from file:///Users/ADMIN/Desktop/BubbleShooterCandy_Github/BubbleShooterCandy_Cocos/assets/Scripts/MenuModel.ts as cce:/internal/x/cc.
debug: Resolve ./MenuView from file:///Users/ADMIN/Desktop/BubbleShooterCandy_Github/BubbleShooterCandy_Cocos/assets/Scripts/MenuController.ts as file:///Users/ADMIN/Desktop/BubbleShooterCandy_Github/BubbleShooterCandy_Cocos/assets/Scripts/MenuView.ts.
debug: Resolve cc from file:///Users/ADMIN/Desktop/BubbleShooterCandy_Github/BubbleShooterCandy_Cocos/assets/Scripts/MenuView.ts as cce:/internal/x/cc.
debug: Resolve cc from file:///Users/ADMIN/Desktop/BubbleShooterCandy_Github/BubbleShooterCandy_Cocos/assets/Scripts/MenuView.ts as cce:/internal/x/cc.
debug: Resolve cc from file:///Users/ADMIN/Desktop/BubbleShooterCandy_Github/BubbleShooterCandy_Cocos/assets/Scripts/MenuView.ts as cce:/internal/x/cc.
debug: Resolve ./Splash/Controller from file:///Users/ADMIN/Desktop/BubbleShooterCandy_Github/BubbleShooterCandy_Cocos/assets/Scripts/MenuController.ts as file:///Users/ADMIN/Desktop/BubbleShooterCandy_Github/BubbleShooterCandy_Cocos/assets/Scripts/Splash/Controller.ts.
debug: Resolve file:///Users/ADMIN/Desktop/BubbleShooterCandy_Github/BubbleShooterCandy_Cocos/assets/Scripts/MenuModel.ts from cce:/internal/x/prerequisite-imports as file:///Users/ADMIN/Desktop/BubbleShooterCandy_Github/BubbleShooterCandy_Cocos/assets/Scripts/MenuModel.ts.
debug: Resolve file:///Users/ADMIN/Desktop/BubbleShooterCandy_Github/BubbleShooterCandy_Cocos/assets/Scripts/MenuView.ts from cce:/internal/x/prerequisite-imports as file:///Users/ADMIN/Desktop/BubbleShooterCandy_Github/BubbleShooterCandy_Cocos/assets/Scripts/MenuView.ts.
debug: Resolve file:///Users/ADMIN/Desktop/BubbleShooterCandy_Github/BubbleShooterCandy_Cocos/assets/Scripts/Splash/Controller.ts from cce:/internal/x/prerequisite-imports as file:///Users/ADMIN/Desktop/BubbleShooterCandy_Github/BubbleShooterCandy_Cocos/assets/Scripts/Splash/Controller.ts.
debug: Resolve file:///Users/ADMIN/Desktop/BubbleShooterCandy_Github/BubbleShooterCandy_Cocos/assets/Scripts/StoredAPI.ts from cce:/internal/x/prerequisite-imports as file:///Users/ADMIN/Desktop/BubbleShooterCandy_Github/BubbleShooterCandy_Cocos/assets/Scripts/StoredAPI.ts.
debug: Target(preview) ends with cost 36.863249998539686ms.
debug: Pulling asset-db.
debug: Fetch asset-db cost: 875.8646249994636ms.
debug: Build iteration starts.
Number of accumulated asset changes: 12
Feature changed: false
debug: Target(editor) build started.
debug: Detected change: cce:/internal/x/prerequisite-imports. Last mtime: Wed Dec 31 1969 16:00:02 GMT-0800 (Pacific Standard Time), Current mtime: Wed Dec 31 1969 16:00:05 GMT-0800 (Pacific Standard Time)
debug: Inspect cce:/internal/x/prerequisite-imports
debug: Resolve file:///Applications/Cocos/Creator/3.7.4/CocosCreator.app/Contents/Resources/resources/3d/engine/editor/assets/tools/debug-view-runtime-control.ts from cce:/internal/x/prerequisite-imports as file:///Applications/Cocos/Creator/3.7.4/CocosCreator.app/Contents/Resources/resources/3d/engine/editor/assets/tools/debug-view-runtime-control.ts.
debug: Resolve file:///Users/ADMIN/Desktop/BubbleShooterCandy_Github/BubbleShooterCandy_Cocos/assets/Scripts/DataType.ts from cce:/internal/x/prerequisite-imports as file:///Users/ADMIN/Desktop/BubbleShooterCandy_Github/BubbleShooterCandy_Cocos/assets/Scripts/DataType.ts.
debug: Resolve file:///Users/ADMIN/Desktop/BubbleShooterCandy_Github/BubbleShooterCandy_Cocos/assets/Scripts/DataUser/DataGame.ts from cce:/internal/x/prerequisite-imports as file:///Users/ADMIN/Desktop/BubbleShooterCandy_Github/BubbleShooterCandy_Cocos/assets/Scripts/DataUser/DataGame.ts.
debug: Resolve file:///Users/ADMIN/Desktop/BubbleShooterCandy_Github/BubbleShooterCandy_Cocos/assets/Scripts/GameController.ts from cce:/internal/x/prerequisite-imports as file:///Users/ADMIN/Desktop/BubbleShooterCandy_Github/BubbleShooterCandy_Cocos/assets/Scripts/GameController.ts.
debug: Resolve file:///Users/ADMIN/Desktop/BubbleShooterCandy_Github/BubbleShooterCandy_Cocos/assets/Scripts/GameModel.ts from cce:/internal/x/prerequisite-imports as file:///Users/ADMIN/Desktop/BubbleShooterCandy_Github/BubbleShooterCandy_Cocos/assets/Scripts/GameModel.ts.
debug: Resolve file:///Users/ADMIN/Desktop/BubbleShooterCandy_Github/BubbleShooterCandy_Cocos/assets/Scripts/GameView.ts from cce:/internal/x/prerequisite-imports as file:///Users/ADMIN/Desktop/BubbleShooterCandy_Github/BubbleShooterCandy_Cocos/assets/Scripts/GameView.ts.
debug: Resolve file:///Users/ADMIN/Desktop/BubbleShooterCandy_Github/BubbleShooterCandy_Cocos/assets/Scripts/Loading/Controller.ts from cce:/internal/x/prerequisite-imports as file:///Users/ADMIN/Desktop/BubbleShooterCandy_Github/BubbleShooterCandy_Cocos/assets/Scripts/Loading/Controller.ts.
debug: Resolve file:///Users/ADMIN/Desktop/BubbleShooterCandy_Github/BubbleShooterCandy_Cocos/assets/Scripts/MenuController.ts from cce:/internal/x/prerequisite-imports as file:///Users/ADMIN/Desktop/BubbleShooterCandy_Github/BubbleShooterCandy_Cocos/assets/Scripts/MenuController.ts.
debug: Resolve file:///Users/ADMIN/Desktop/BubbleShooterCandy_Github/BubbleShooterCandy_Cocos/assets/Scripts/MenuModel.ts from cce:/internal/x/prerequisite-imports as file:///Users/ADMIN/Desktop/BubbleShooterCandy_Github/BubbleShooterCandy_Cocos/assets/Scripts/MenuModel.ts.
debug: Resolve file:///Users/ADMIN/Desktop/BubbleShooterCandy_Github/BubbleShooterCandy_Cocos/assets/Scripts/MenuView.ts from cce:/internal/x/prerequisite-imports as file:///Users/ADMIN/Desktop/BubbleShooterCandy_Github/BubbleShooterCandy_Cocos/assets/Scripts/MenuView.ts.
debug: Resolve file:///Users/ADMIN/Desktop/BubbleShooterCandy_Github/BubbleShooterCandy_Cocos/assets/Scripts/Splash/Controller.ts from cce:/internal/x/prerequisite-imports as file:///Users/ADMIN/Desktop/BubbleShooterCandy_Github/BubbleShooterCandy_Cocos/assets/Scripts/Splash/Controller.ts.
debug: Resolve file:///Users/ADMIN/Desktop/BubbleShooterCandy_Github/BubbleShooterCandy_Cocos/assets/Scripts/StoredAPI.ts from cce:/internal/x/prerequisite-imports as file:///Users/ADMIN/Desktop/BubbleShooterCandy_Github/BubbleShooterCandy_Cocos/assets/Scripts/StoredAPI.ts.
debug: Target(editor) ends with cost 18.229416999965906ms.
debug: Target(preview) build started.
debug: Detected change: cce:/internal/x/prerequisite-imports. Last mtime: Wed Dec 31 1969 16:00:03 GMT-0800 (Pacific Standard Time), Current mtime: Wed Dec 31 1969 16:00:05 GMT-0800 (Pacific Standard Time)
debug: Inspect cce:/internal/x/prerequisite-imports
debug: Resolve file:///Applications/Cocos/Creator/3.7.4/CocosCreator.app/Contents/Resources/resources/3d/engine/editor/assets/tools/debug-view-runtime-control.ts from cce:/internal/x/prerequisite-imports as file:///Applications/Cocos/Creator/3.7.4/CocosCreator.app/Contents/Resources/resources/3d/engine/editor/assets/tools/debug-view-runtime-control.ts.
debug: Resolve file:///Users/ADMIN/Desktop/BubbleShooterCandy_Github/BubbleShooterCandy_Cocos/assets/Scripts/DataType.ts from cce:/internal/x/prerequisite-imports as file:///Users/ADMIN/Desktop/BubbleShooterCandy_Github/BubbleShooterCandy_Cocos/assets/Scripts/DataType.ts.
debug: Resolve file:///Users/ADMIN/Desktop/BubbleShooterCandy_Github/BubbleShooterCandy_Cocos/assets/Scripts/DataUser/DataGame.ts from cce:/internal/x/prerequisite-imports as file:///Users/ADMIN/Desktop/BubbleShooterCandy_Github/BubbleShooterCandy_Cocos/assets/Scripts/DataUser/DataGame.ts.
debug: Resolve file:///Users/ADMIN/Desktop/BubbleShooterCandy_Github/BubbleShooterCandy_Cocos/assets/Scripts/GameController.ts from cce:/internal/x/prerequisite-imports as file:///Users/ADMIN/Desktop/BubbleShooterCandy_Github/BubbleShooterCandy_Cocos/assets/Scripts/GameController.ts.
debug: Resolve file:///Users/ADMIN/Desktop/BubbleShooterCandy_Github/BubbleShooterCandy_Cocos/assets/Scripts/GameModel.ts from cce:/internal/x/prerequisite-imports as file:///Users/ADMIN/Desktop/BubbleShooterCandy_Github/BubbleShooterCandy_Cocos/assets/Scripts/GameModel.ts.
debug: Resolve file:///Users/ADMIN/Desktop/BubbleShooterCandy_Github/BubbleShooterCandy_Cocos/assets/Scripts/GameView.ts from cce:/internal/x/prerequisite-imports as file:///Users/ADMIN/Desktop/BubbleShooterCandy_Github/BubbleShooterCandy_Cocos/assets/Scripts/GameView.ts.
debug: Resolve file:///Users/ADMIN/Desktop/BubbleShooterCandy_Github/BubbleShooterCandy_Cocos/assets/Scripts/Loading/Controller.ts from cce:/internal/x/prerequisite-imports as file:///Users/ADMIN/Desktop/BubbleShooterCandy_Github/BubbleShooterCandy_Cocos/assets/Scripts/Loading/Controller.ts.
debug: Resolve file:///Users/ADMIN/Desktop/BubbleShooterCandy_Github/BubbleShooterCandy_Cocos/assets/Scripts/MenuController.ts from cce:/internal/x/prerequisite-imports as file:///Users/ADMIN/Desktop/BubbleShooterCandy_Github/BubbleShooterCandy_Cocos/assets/Scripts/MenuController.ts.
debug: Resolve file:///Users/ADMIN/Desktop/BubbleShooterCandy_Github/BubbleShooterCandy_Cocos/assets/Scripts/MenuModel.ts from cce:/internal/x/prerequisite-imports as file:///Users/ADMIN/Desktop/BubbleShooterCandy_Github/BubbleShooterCandy_Cocos/assets/Scripts/MenuModel.ts.
debug: Resolve file:///Users/ADMIN/Desktop/BubbleShooterCandy_Github/BubbleShooterCandy_Cocos/assets/Scripts/MenuView.ts from cce:/internal/x/prerequisite-imports as file:///Users/ADMIN/Desktop/BubbleShooterCandy_Github/BubbleShooterCandy_Cocos/assets/Scripts/MenuView.ts.
debug: Resolve file:///Users/ADMIN/Desktop/BubbleShooterCandy_Github/BubbleShooterCandy_Cocos/assets/Scripts/Splash/Controller.ts from cce:/internal/x/prerequisite-imports as file:///Users/ADMIN/Desktop/BubbleShooterCandy_Github/BubbleShooterCandy_Cocos/assets/Scripts/Splash/Controller.ts.
debug: Resolve file:///Users/ADMIN/Desktop/BubbleShooterCandy_Github/BubbleShooterCandy_Cocos/assets/Scripts/StoredAPI.ts from cce:/internal/x/prerequisite-imports as file:///Users/ADMIN/Desktop/BubbleShooterCandy_Github/BubbleShooterCandy_Cocos/assets/Scripts/StoredAPI.ts.
debug: Target(preview) ends with cost 15.501916997134686ms.
debug: Dispatch build request for time accumulated 1 asset changes.
debug: Build iteration starts.
Number of accumulated asset changes: 1
Feature changed: false
debug: Target(editor) build started.
debug: Detected change: cce:/internal/x/prerequisite-imports. Last mtime: Wed Dec 31 1969 16:00:05 GMT-0800 (Pacific Standard Time), Current mtime: Wed Dec 31 1969 16:01:47 GMT-0800 (Pacific Standard Time)
debug: Inspect cce:/internal/x/prerequisite-imports
debug: Resolve file:///Applications/Cocos/Creator/3.7.4/CocosCreator.app/Contents/Resources/resources/3d/engine/editor/assets/tools/debug-view-runtime-control.ts from cce:/internal/x/prerequisite-imports as file:///Applications/Cocos/Creator/3.7.4/CocosCreator.app/Contents/Resources/resources/3d/engine/editor/assets/tools/debug-view-runtime-control.ts.
debug: Resolve file:///Users/ADMIN/Desktop/BubbleShooterCandy_Github/BubbleShooterCandy_Cocos/assets/Scripts/DataType.ts from cce:/internal/x/prerequisite-imports as file:///Users/ADMIN/Desktop/BubbleShooterCandy_Github/BubbleShooterCandy_Cocos/assets/Scripts/DataType.ts.
debug: Resolve file:///Users/ADMIN/Desktop/BubbleShooterCandy_Github/BubbleShooterCandy_Cocos/assets/Scripts/DataUser/DataGame.ts from cce:/internal/x/prerequisite-imports as file:///Users/ADMIN/Desktop/BubbleShooterCandy_Github/BubbleShooterCandy_Cocos/assets/Scripts/DataUser/DataGame.ts.
debug: Resolve file:///Users/ADMIN/Desktop/BubbleShooterCandy_Github/BubbleShooterCandy_Cocos/assets/Scripts/GameController.ts from cce:/internal/x/prerequisite-imports as file:///Users/ADMIN/Desktop/BubbleShooterCandy_Github/BubbleShooterCandy_Cocos/assets/Scripts/GameController.ts.
debug: Detected change: file:///Users/ADMIN/Desktop/BubbleShooterCandy_Github/BubbleShooterCandy_Cocos/assets/Scripts/GameController.ts. Last mtime: Mon May 05 2025 11:41:00 GMT-0700 (Pacific Daylight Time)@6e551075-1323-4973-9377-ee30bbef1d73, Current mtime: Tue May 06 2025 16:40:32 GMT-0700 (Pacific Daylight Time)@6e551075-1323-4973-9377-ee30bbef1d73
debug: Inspect file:///Users/ADMIN/Desktop/BubbleShooterCandy_Github/BubbleShooterCandy_Cocos/assets/Scripts/GameController.ts
debug: Resolve cce:/internal/code-quality/cr.mjs from file:///Users/ADMIN/Desktop/BubbleShooterCandy_Github/BubbleShooterCandy_Cocos/assets/Scripts/GameController.ts as cce:/internal/code-quality/cr.mjs.
debug: Resolve cc from file:///Users/ADMIN/Desktop/BubbleShooterCandy_Github/BubbleShooterCandy_Cocos/assets/Scripts/GameController.ts as cce:/internal/x/cc.
debug: Resolve cc from file:///Users/ADMIN/Desktop/BubbleShooterCandy_Github/BubbleShooterCandy_Cocos/assets/Scripts/GameController.ts as cce:/internal/x/cc.
debug: Resolve cc from file:///Users/ADMIN/Desktop/BubbleShooterCandy_Github/BubbleShooterCandy_Cocos/assets/Scripts/GameController.ts as cce:/internal/x/cc.
debug: Resolve ./GameModel from file:///Users/ADMIN/Desktop/BubbleShooterCandy_Github/BubbleShooterCandy_Cocos/assets/Scripts/GameController.ts as file:///Users/ADMIN/Desktop/BubbleShooterCandy_Github/BubbleShooterCandy_Cocos/assets/Scripts/GameModel.ts.
debug: Resolve ./GameView from file:///Users/ADMIN/Desktop/BubbleShooterCandy_Github/BubbleShooterCandy_Cocos/assets/Scripts/GameController.ts as file:///Users/ADMIN/Desktop/BubbleShooterCandy_Github/BubbleShooterCandy_Cocos/assets/Scripts/GameView.ts.
debug: Resolve ./Splash/Controller from file:///Users/ADMIN/Desktop/BubbleShooterCandy_Github/BubbleShooterCandy_Cocos/assets/Scripts/GameController.ts as file:///Users/ADMIN/Desktop/BubbleShooterCandy_Github/BubbleShooterCandy_Cocos/assets/Scripts/Splash/Controller.ts.
debug: Resolve ./DataUser/DataGame from file:///Users/ADMIN/Desktop/BubbleShooterCandy_Github/BubbleShooterCandy_Cocos/assets/Scripts/GameController.ts as file:///Users/ADMIN/Desktop/BubbleShooterCandy_Github/BubbleShooterCandy_Cocos/assets/Scripts/DataUser/DataGame.ts.
debug: Resolve file:///Users/ADMIN/Desktop/BubbleShooterCandy_Github/BubbleShooterCandy_Cocos/assets/Scripts/GameModel.ts from cce:/internal/x/prerequisite-imports as file:///Users/ADMIN/Desktop/BubbleShooterCandy_Github/BubbleShooterCandy_Cocos/assets/Scripts/GameModel.ts.
debug: Resolve file:///Users/ADMIN/Desktop/BubbleShooterCandy_Github/BubbleShooterCandy_Cocos/assets/Scripts/GameView.ts from cce:/internal/x/prerequisite-imports as file:///Users/ADMIN/Desktop/BubbleShooterCandy_Github/BubbleShooterCandy_Cocos/assets/Scripts/GameView.ts.
debug: Resolve file:///Users/ADMIN/Desktop/BubbleShooterCandy_Github/BubbleShooterCandy_Cocos/assets/Scripts/Loading/Controller.ts from cce:/internal/x/prerequisite-imports as file:///Users/ADMIN/Desktop/BubbleShooterCandy_Github/BubbleShooterCandy_Cocos/assets/Scripts/Loading/Controller.ts.
debug: Resolve file:///Users/ADMIN/Desktop/BubbleShooterCandy_Github/BubbleShooterCandy_Cocos/assets/Scripts/MenuController.ts from cce:/internal/x/prerequisite-imports as file:///Users/ADMIN/Desktop/BubbleShooterCandy_Github/BubbleShooterCandy_Cocos/assets/Scripts/MenuController.ts.
debug: Resolve file:///Users/ADMIN/Desktop/BubbleShooterCandy_Github/BubbleShooterCandy_Cocos/assets/Scripts/MenuModel.ts from cce:/internal/x/prerequisite-imports as file:///Users/ADMIN/Desktop/BubbleShooterCandy_Github/BubbleShooterCandy_Cocos/assets/Scripts/MenuModel.ts.
debug: Resolve file:///Users/ADMIN/Desktop/BubbleShooterCandy_Github/BubbleShooterCandy_Cocos/assets/Scripts/MenuView.ts from cce:/internal/x/prerequisite-imports as file:///Users/ADMIN/Desktop/BubbleShooterCandy_Github/BubbleShooterCandy_Cocos/assets/Scripts/MenuView.ts.
debug: Resolve file:///Users/ADMIN/Desktop/BubbleShooterCandy_Github/BubbleShooterCandy_Cocos/assets/Scripts/Splash/Controller.ts from cce:/internal/x/prerequisite-imports as file:///Users/ADMIN/Desktop/BubbleShooterCandy_Github/BubbleShooterCandy_Cocos/assets/Scripts/Splash/Controller.ts.
debug: Resolve file:///Users/ADMIN/Desktop/BubbleShooterCandy_Github/BubbleShooterCandy_Cocos/assets/Scripts/StoredAPI.ts from cce:/internal/x/prerequisite-imports as file:///Users/ADMIN/Desktop/BubbleShooterCandy_Github/BubbleShooterCandy_Cocos/assets/Scripts/StoredAPI.ts.
debug: Target(editor) ends with cost 234.80579200014472ms.
debug: Target(preview) build started.
debug: Detected change: cce:/internal/x/prerequisite-imports. Last mtime: Wed Dec 31 1969 16:00:05 GMT-0800 (Pacific Standard Time), Current mtime: Wed Dec 31 1969 16:01:48 GMT-0800 (Pacific Standard Time)
debug: Inspect cce:/internal/x/prerequisite-imports
debug: Resolve file:///Applications/Cocos/Creator/3.7.4/CocosCreator.app/Contents/Resources/resources/3d/engine/editor/assets/tools/debug-view-runtime-control.ts from cce:/internal/x/prerequisite-imports as file:///Applications/Cocos/Creator/3.7.4/CocosCreator.app/Contents/Resources/resources/3d/engine/editor/assets/tools/debug-view-runtime-control.ts.
debug: Resolve file:///Users/ADMIN/Desktop/BubbleShooterCandy_Github/BubbleShooterCandy_Cocos/assets/Scripts/DataType.ts from cce:/internal/x/prerequisite-imports as file:///Users/ADMIN/Desktop/BubbleShooterCandy_Github/BubbleShooterCandy_Cocos/assets/Scripts/DataType.ts.
debug: Resolve file:///Users/ADMIN/Desktop/BubbleShooterCandy_Github/BubbleShooterCandy_Cocos/assets/Scripts/DataUser/DataGame.ts from cce:/internal/x/prerequisite-imports as file:///Users/ADMIN/Desktop/BubbleShooterCandy_Github/BubbleShooterCandy_Cocos/assets/Scripts/DataUser/DataGame.ts.
debug: Resolve file:///Users/ADMIN/Desktop/BubbleShooterCandy_Github/BubbleShooterCandy_Cocos/assets/Scripts/GameController.ts from cce:/internal/x/prerequisite-imports as file:///Users/ADMIN/Desktop/BubbleShooterCandy_Github/BubbleShooterCandy_Cocos/assets/Scripts/GameController.ts.
debug: Detected change: file:///Users/ADMIN/Desktop/BubbleShooterCandy_Github/BubbleShooterCandy_Cocos/assets/Scripts/GameController.ts. Last mtime: Mon May 05 2025 11:41:00 GMT-0700 (Pacific Daylight Time)@6e551075-1323-4973-9377-ee30bbef1d73, Current mtime: Tue May 06 2025 16:40:32 GMT-0700 (Pacific Daylight Time)@6e551075-1323-4973-9377-ee30bbef1d73
debug: Inspect file:///Users/ADMIN/Desktop/BubbleShooterCandy_Github/BubbleShooterCandy_Cocos/assets/Scripts/GameController.ts
debug: Resolve cce:/internal/code-quality/cr.mjs from file:///Users/ADMIN/Desktop/BubbleShooterCandy_Github/BubbleShooterCandy_Cocos/assets/Scripts/GameController.ts as cce:/internal/code-quality/cr.mjs.
debug: Resolve cc from file:///Users/ADMIN/Desktop/BubbleShooterCandy_Github/BubbleShooterCandy_Cocos/assets/Scripts/GameController.ts as cce:/internal/x/cc.
debug: Resolve cc from file:///Users/ADMIN/Desktop/BubbleShooterCandy_Github/BubbleShooterCandy_Cocos/assets/Scripts/GameController.ts as cce:/internal/x/cc.
debug: Resolve cc from file:///Users/ADMIN/Desktop/BubbleShooterCandy_Github/BubbleShooterCandy_Cocos/assets/Scripts/GameController.ts as cce:/internal/x/cc.
debug: Resolve ./GameModel from file:///Users/ADMIN/Desktop/BubbleShooterCandy_Github/BubbleShooterCandy_Cocos/assets/Scripts/GameController.ts as file:///Users/ADMIN/Desktop/BubbleShooterCandy_Github/BubbleShooterCandy_Cocos/assets/Scripts/GameModel.ts.
debug: Resolve ./GameView from file:///Users/ADMIN/Desktop/BubbleShooterCandy_Github/BubbleShooterCandy_Cocos/assets/Scripts/GameController.ts as file:///Users/ADMIN/Desktop/BubbleShooterCandy_Github/BubbleShooterCandy_Cocos/assets/Scripts/GameView.ts.
debug: Resolve ./Splash/Controller from file:///Users/ADMIN/Desktop/BubbleShooterCandy_Github/BubbleShooterCandy_Cocos/assets/Scripts/GameController.ts as file:///Users/ADMIN/Desktop/BubbleShooterCandy_Github/BubbleShooterCandy_Cocos/assets/Scripts/Splash/Controller.ts.
debug: Resolve ./DataUser/DataGame from file:///Users/ADMIN/Desktop/BubbleShooterCandy_Github/BubbleShooterCandy_Cocos/assets/Scripts/GameController.ts as file:///Users/ADMIN/Desktop/BubbleShooterCandy_Github/BubbleShooterCandy_Cocos/assets/Scripts/DataUser/DataGame.ts.
debug: Resolve file:///Users/ADMIN/Desktop/BubbleShooterCandy_Github/BubbleShooterCandy_Cocos/assets/Scripts/GameModel.ts from cce:/internal/x/prerequisite-imports as file:///Users/ADMIN/Desktop/BubbleShooterCandy_Github/BubbleShooterCandy_Cocos/assets/Scripts/GameModel.ts.
debug: Resolve file:///Users/ADMIN/Desktop/BubbleShooterCandy_Github/BubbleShooterCandy_Cocos/assets/Scripts/GameView.ts from cce:/internal/x/prerequisite-imports as file:///Users/ADMIN/Desktop/BubbleShooterCandy_Github/BubbleShooterCandy_Cocos/assets/Scripts/GameView.ts.
debug: Resolve file:///Users/ADMIN/Desktop/BubbleShooterCandy_Github/BubbleShooterCandy_Cocos/assets/Scripts/Loading/Controller.ts from cce:/internal/x/prerequisite-imports as file:///Users/ADMIN/Desktop/BubbleShooterCandy_Github/BubbleShooterCandy_Cocos/assets/Scripts/Loading/Controller.ts.
debug: Resolve file:///Users/ADMIN/Desktop/BubbleShooterCandy_Github/BubbleShooterCandy_Cocos/assets/Scripts/MenuController.ts from cce:/internal/x/prerequisite-imports as file:///Users/ADMIN/Desktop/BubbleShooterCandy_Github/BubbleShooterCandy_Cocos/assets/Scripts/MenuController.ts.
debug: Resolve file:///Users/ADMIN/Desktop/BubbleShooterCandy_Github/BubbleShooterCandy_Cocos/assets/Scripts/MenuModel.ts from cce:/internal/x/prerequisite-imports as file:///Users/ADMIN/Desktop/BubbleShooterCandy_Github/BubbleShooterCandy_Cocos/assets/Scripts/MenuModel.ts.
debug: Resolve file:///Users/ADMIN/Desktop/BubbleShooterCandy_Github/BubbleShooterCandy_Cocos/assets/Scripts/MenuView.ts from cce:/internal/x/prerequisite-imports as file:///Users/ADMIN/Desktop/BubbleShooterCandy_Github/BubbleShooterCandy_Cocos/assets/Scripts/MenuView.ts.
debug: Resolve file:///Users/ADMIN/Desktop/BubbleShooterCandy_Github/BubbleShooterCandy_Cocos/assets/Scripts/Splash/Controller.ts from cce:/internal/x/prerequisite-imports as file:///Users/ADMIN/Desktop/BubbleShooterCandy_Github/BubbleShooterCandy_Cocos/assets/Scripts/Splash/Controller.ts.
debug: Resolve file:///Users/ADMIN/Desktop/BubbleShooterCandy_Github/BubbleShooterCandy_Cocos/assets/Scripts/StoredAPI.ts from cce:/internal/x/prerequisite-imports as file:///Users/ADMIN/Desktop/BubbleShooterCandy_Github/BubbleShooterCandy_Cocos/assets/Scripts/StoredAPI.ts.
debug: Target(preview) ends with cost 146.68170799687505ms.
