5-6-2025 16:35:46-debug: asset-db:worker-init (577ms)
5-6-2025 16:35:46-debug: Preimport db internal success
5-6-2025 16:35:46-debug: Preimport db assets success
5-6-2025 16:35:46-debug: asset-db:worker-effect-data-processing (83ms)
5-6-2025 16:35:48-debug: Set detail map pack:///resolution-detail-map.json: {}
5-6-2025 16:35:48-debug: Start up the 'internal' database...
5-6-2025 16:35:48-debug: asset-db:worker-init-script (7ms)
5-6-2025 16:35:48-debug: start asset-db with asset: 419
5-6-2025 16:35:48-debug: Start up the 'assets' database...
5-6-2025 16:35:48-debug: asset-db:worker-startup-database[internal] (2102ms)
5-6-2025 16:35:48-debug: start asset-db with asset: 139
5-6-2025 16:35:48-debug: Asset DB is ready!
5-6-2025 16:35:48-debug: asset-db:worker-startup-database[assets] (2120ms)
5-6-2025 16:35:48-debug: init worker message success
5-6-2025 16:35:49-debug: builder:worker-init (718ms)
5-6-2025 16:35:49-debug: Query all assets info in project
5-6-2025 16:35:49-debug: BuildAssetLibrary query-assets with assets 741
5-6-2025 16:35:49-debug:   Number of other assets: 582
5-6-2025 16:35:49-debug: Query asset bundle start0%
5-6-2025 16:35:49-debug:   Number of all scripts: 12
5-6-2025 16:35:49-debug: // ---- build task Query asset bundle ----
5-6-2025 16:35:49-debug:   Number of all scenes: 4
5-6-2025 16:35:49-debug: Process: heapTotal 249.88MB heapUsed 225.12MB rss 360.98MB
5-6-2025 16:35:49-debug: init custom config: keepNodeUuid: false, useCache: true
5-6-2025 16:35:49-debug: // ---- build task Query asset bundle ---- (4ms)
5-6-2025 16:35:49-debug: run build task Query asset bundle success in 4 ms √3%
5-6-2025 16:35:49-debug: Query and organize assets start3%
5-6-2025 16:35:49-debug: // ---- build task Query and organize assets ----
5-6-2025 16:35:49-debug: Process: heapTotal 249.88MB heapUsed 227.17MB rss 361.00MB
5-6-2025 16:35:49-debug: init bundle assets
5-6-2025 16:35:49-debug: Query preload assets from cc.config.json: 60f7195c-ec2a-45eb-ba94-8955f60e81d0,1c02ae6f-4492-4915-b8f8-7492a3b1e4cd,810e96e4-e456-4468-9b59-f4e8f39732c0,efe8e2a3-eace-427b-b4f1-cb8a937ec77d,e9aa9a3e-5b2b-4ac7-a2c7-073de2b2b24f,8bbdbcdd-5cd4-4100-b6d5-b7c9625b6107,50f4348b-c883-4e2f-8f11-ce233b859fa1,fda095cb-831d-4601-ad94-846013963de8,f92806d7-1768-443f-afe8-12bcde84d0f0,dd3a144d-ab7f-41f0-82b8-2e43a090d496,f0416e68-0200-4b77-a926-4f9d16e494da,ff9be190-20a4-4e48-b68c-76e3c7cff085,970b0598-bcb0-4714-91fb-2e81440dccd8,bcd64cc6-2dd9-43f6-abbe-66318d332032,d930590d-bb92-4cc8-8bd1-23cd027f9edf,a3cd009f-0ab0-420d-9278-b9fdab939bbc,9361fd90-ba52-4f84-aa93-6e878fd576ca,c27215d8-6835-4b68-bfbb-bdeac6100c04,b5d6115f-0370-4d7c-aad3-c194cc71cf98,871c3b6c-7379-419d-bda3-794b239ab90d
5-6-2025 16:35:49-debug: Number of scenes: 4
5-6-2025 16:35:49-debug: // ---- build task Query and organize assets ---- (2ms)
5-6-2025 16:35:49-debug: Process: heapTotal 249.88MB heapUsed 227.33MB rss 361.06MB
5-6-2025 16:35:49-debug: sort script group...
5-6-2025 16:35:49-debug: Organize scripts start7%
5-6-2025 16:35:49-debug: run build task Query and organize assets success in 2 ms √7%
5-6-2025 16:35:49-debug: // ---- build task Organize scripts ----
5-6-2025 16:35:49-debug: run build task Organize scripts success in 0 ms √10%
5-6-2025 16:35:49-debug: Init settings and config start10%
5-6-2025 16:35:49-debug: // ---- build task Init settings and config ----
5-6-2025 16:35:49-debug: Process: heapTotal 249.88MB heapUsed 227.36MB rss 361.06MB
5-6-2025 16:35:49-debug: run build task Init settings and config success in 0 ms √11%
5-6-2025 16:35:49-debug: builder.tasks.settings.macro does not defined in i18n
5-6-2025 16:35:49-debug: builder.tasks.settings.macro start11%
5-6-2025 16:35:49-debug: // ---- build task builder.tasks.settings.macro ----
5-6-2025 16:35:49-debug: Process: heapTotal 249.88MB heapUsed 227.38MB rss 361.08MB
5-6-2025 16:35:49-debug: run build task builder.tasks.settings.macro success in 0 ms √11%
5-6-2025 16:35:49-debug: Sort some build options to settings.json start11%
5-6-2025 16:35:49-debug: // ---- build task Sort some build options to settings.json ----
5-6-2025 16:35:49-debug: Process: heapTotal 249.88MB heapUsed 227.41MB rss 361.08MB
5-6-2025 16:35:49-debug: // ---- build task Sort some build options to settings.json ---- (1ms)
5-6-2025 16:35:49-debug: run build task Sort some build options to settings.json success in 1 ms √12%
5-6-2025 16:35:49-debug: // ---- build task custom joint texture layouts ----
5-6-2025 16:35:49-debug: custom joint texture layouts start12%
5-6-2025 16:35:49-debug: Process: heapTotal 249.88MB heapUsed 227.48MB rss 361.05MB
5-6-2025 16:35:49-debug: run build task custom joint texture layouts success in 0 ms √12%
5-6-2025 16:35:49-debug: custom joint physics start12%
5-6-2025 16:35:49-debug: // ---- build task custom joint physics ----
5-6-2025 16:35:49-debug: Process: heapTotal 249.88MB heapUsed 227.50MB rss 358.28MB
5-6-2025 16:35:49-debug: run build task custom joint physics success in 0 ms √13%
5-6-2025 16:35:49-debug: Fill script data to settings start13%
5-6-2025 16:35:49-debug: // ---- build task Fill script data to settings ----
5-6-2025 16:35:49-debug: Process: heapTotal 249.88MB heapUsed 227.51MB rss 356.61MB
5-6-2025 16:35:49-debug: run build task Fill script data to settings success in 0 ms √13%
5-6-2025 16:35:49-debug: Fill scene data to settings start13%
5-6-2025 16:35:49-debug: // ---- build task Fill scene data to settings ----
5-6-2025 16:35:49-debug: Process: heapTotal 249.88MB heapUsed 227.53MB rss 354.39MB
5-6-2025 16:35:49-debug: run build task Fill scene data to settings success in 0 ms √14%
5-6-2025 16:35:49-debug: Organize assets groups，generate packedAssets and rawAssets data start14%
5-6-2025 16:35:49-debug: // ---- build task Organize assets groups，generate packedAssets and rawAssets data ----
5-6-2025 16:35:49-debug: Process: heapTotal 249.88MB heapUsed 227.76MB rss 354.02MB
5-6-2025 16:35:49-debug: // ---- build task Organize assets groups，generate packedAssets and rawAssets data ---- (1ms)
5-6-2025 16:35:49-debug: Generate md5AssetsMap from suffixMap to settings start14%
5-6-2025 16:35:49-debug: run build task Organize assets groups，generate packedAssets and rawAssets data success in 1 ms √14%
5-6-2025 16:35:49-debug: // ---- build task Generate md5AssetsMap from suffixMap to settings ----
5-6-2025 16:35:49-debug: Process: heapTotal 249.88MB heapUsed 227.80MB rss 354.05MB
5-6-2025 16:35:49-debug: options.md5Cache is false.
5-6-2025 16:35:49-debug: run build task Generate md5AssetsMap from suffixMap to settings success in 0 ms √15%
5-6-2025 16:35:50-debug: programming:execute-script (2ms)
5-6-2025 16:35:58-debug: Query all assets info in project
5-6-2025 16:35:58-debug: BuildAssetLibrary query-assets with assets 741
5-6-2025 16:35:58-debug:   Number of other assets: 582
5-6-2025 16:35:58-debug: Query asset bundle start0%
5-6-2025 16:35:58-debug: // ---- build task Query asset bundle ----
5-6-2025 16:35:58-debug: Process: heapTotal 238.38MB heapUsed 225.17MB rss 477.27MB
5-6-2025 16:35:58-debug: init custom config: keepNodeUuid: false, useCache: true
5-6-2025 16:35:58-debug:   Number of all scenes: 4
5-6-2025 16:35:58-debug:   Number of all scripts: 12
5-6-2025 16:35:58-debug: // ---- build task Query asset bundle ---- (8ms)
5-6-2025 16:35:58-debug: Query and organize assets start3%
5-6-2025 16:35:58-debug: // ---- build task Query and organize assets ----
5-6-2025 16:35:58-debug: run build task Query asset bundle success in 8 ms √3%
5-6-2025 16:35:58-debug: init bundle assets
5-6-2025 16:35:58-debug: Process: heapTotal 238.38MB heapUsed 224.60MB rss 477.41MB
5-6-2025 16:35:58-debug: Query preload assets from cc.config.json: 60f7195c-ec2a-45eb-ba94-8955f60e81d0,1c02ae6f-4492-4915-b8f8-7492a3b1e4cd,810e96e4-e456-4468-9b59-f4e8f39732c0,efe8e2a3-eace-427b-b4f1-cb8a937ec77d,e9aa9a3e-5b2b-4ac7-a2c7-073de2b2b24f,8bbdbcdd-5cd4-4100-b6d5-b7c9625b6107,50f4348b-c883-4e2f-8f11-ce233b859fa1,fda095cb-831d-4601-ad94-846013963de8,f92806d7-1768-443f-afe8-12bcde84d0f0,dd3a144d-ab7f-41f0-82b8-2e43a090d496,f0416e68-0200-4b77-a926-4f9d16e494da,ff9be190-20a4-4e48-b68c-76e3c7cff085,970b0598-bcb0-4714-91fb-2e81440dccd8,bcd64cc6-2dd9-43f6-abbe-66318d332032,d930590d-bb92-4cc8-8bd1-23cd027f9edf,a3cd009f-0ab0-420d-9278-b9fdab939bbc,9361fd90-ba52-4f84-aa93-6e878fd576ca,c27215d8-6835-4b68-bfbb-bdeac6100c04,b5d6115f-0370-4d7c-aad3-c194cc71cf98,871c3b6c-7379-419d-bda3-794b239ab90d
5-6-2025 16:35:58-debug: Number of scenes: 4
5-6-2025 16:35:58-debug: // ---- build task Query and organize assets ---- (2ms)
5-6-2025 16:35:58-debug: Process: heapTotal 238.38MB heapUsed 224.73MB rss 477.45MB
5-6-2025 16:35:58-debug: sort script group...
5-6-2025 16:35:58-debug: run build task Query and organize assets success in 2 ms √7%
5-6-2025 16:35:58-debug: // ---- build task Organize scripts ----
5-6-2025 16:35:58-debug: Organize scripts start7%
5-6-2025 16:35:58-debug: run build task Organize scripts success in 0 ms √10%
5-6-2025 16:35:58-debug: Init settings and config start10%
5-6-2025 16:35:58-debug: // ---- build task Init settings and config ----
5-6-2025 16:35:58-debug: Process: heapTotal 238.38MB heapUsed 224.75MB rss 477.47MB
5-6-2025 16:35:58-debug: run build task Init settings and config success in 0 ms √11%
5-6-2025 16:35:58-debug: builder.tasks.settings.macro start11%
5-6-2025 16:35:58-debug: // ---- build task builder.tasks.settings.macro ----
5-6-2025 16:35:58-debug: Process: heapTotal 238.38MB heapUsed 224.78MB rss 477.47MB
5-6-2025 16:35:58-debug: builder.tasks.settings.macro does not defined in i18n
5-6-2025 16:35:58-debug: // ---- build task builder.tasks.settings.macro ---- (1ms)
5-6-2025 16:35:58-debug: Sort some build options to settings.json start11%
5-6-2025 16:35:58-debug: // ---- build task Sort some build options to settings.json ----
5-6-2025 16:35:58-debug: run build task builder.tasks.settings.macro success in 1 ms √11%
5-6-2025 16:35:58-debug: Process: heapTotal 238.38MB heapUsed 224.80MB rss 477.47MB
5-6-2025 16:35:58-debug: // ---- build task Sort some build options to settings.json ---- (3ms)
5-6-2025 16:35:58-debug: run build task Sort some build options to settings.json success in 3 ms √12%
5-6-2025 16:35:58-debug: // ---- build task custom joint texture layouts ----
5-6-2025 16:35:58-debug: custom joint texture layouts start12%
5-6-2025 16:35:58-debug: Process: heapTotal 238.38MB heapUsed 224.87MB rss 477.48MB
5-6-2025 16:35:58-debug: run build task custom joint texture layouts success in 0 ms √12%
5-6-2025 16:35:58-debug: custom joint physics start12%
5-6-2025 16:35:58-debug: // ---- build task custom joint physics ----
5-6-2025 16:35:58-debug: Process: heapTotal 238.38MB heapUsed 224.89MB rss 477.48MB
5-6-2025 16:35:58-debug: run build task custom joint physics success in 0 ms √13%
5-6-2025 16:35:58-debug: Fill script data to settings start13%
5-6-2025 16:35:58-debug: // ---- build task Fill script data to settings ----
5-6-2025 16:35:58-debug: Process: heapTotal 238.38MB heapUsed 224.91MB rss 477.48MB
5-6-2025 16:35:58-debug: run build task Fill script data to settings success in 0 ms √13%
5-6-2025 16:35:58-debug: Fill scene data to settings start13%
5-6-2025 16:35:58-debug: // ---- build task Fill scene data to settings ----
5-6-2025 16:35:58-debug: Process: heapTotal 238.38MB heapUsed 224.93MB rss 477.48MB
5-6-2025 16:35:58-debug: run build task Fill scene data to settings success in 0 ms √14%
5-6-2025 16:35:58-debug: Process: heapTotal 238.38MB heapUsed 224.95MB rss 477.48MB
5-6-2025 16:35:58-debug: Organize assets groups，generate packedAssets and rawAssets data start14%
5-6-2025 16:35:58-debug: // ---- build task Organize assets groups，generate packedAssets and rawAssets data ----
5-6-2025 16:35:58-debug: run build task Organize assets groups，generate packedAssets and rawAssets data success in 0 ms √14%
5-6-2025 16:35:58-debug: // ---- build task Generate md5AssetsMap from suffixMap to settings ----
5-6-2025 16:35:58-debug: Generate md5AssetsMap from suffixMap to settings start14%
5-6-2025 16:35:58-debug: Process: heapTotal 238.38MB heapUsed 224.98MB rss 477.50MB
5-6-2025 16:35:58-debug: options.md5Cache is false.
5-6-2025 16:35:58-debug: run build task Generate md5AssetsMap from suffixMap to settings success in 0 ms √15%
5-6-2025 16:37:42-debug: refresh db internal success
5-6-2025 16:37:42-debug: asset-db:worker-effect-data-processing (161ms)
5-6-2025 16:37:42-debug: refresh db assets success
5-6-2025 16:37:42-debug: asset-db:refresh-all-database (306ms)
5-6-2025 16:38:10-debug: refresh db internal success
5-6-2025 16:38:10-debug: asset-db:worker-effect-data-processing (135ms)
5-6-2025 16:38:10-debug: refresh db assets success
5-6-2025 16:38:10-debug: asset-db:refresh-all-database (225ms)
5-6-2025 16:38:16-debug: refresh db internal success
5-6-2025 16:38:16-debug: asset-db:worker-effect-data-processing (75ms)
5-6-2025 16:38:16-debug: refresh db assets success
5-6-2025 16:38:16-debug: asset-db:refresh-all-database (126ms)
5-6-2025 16:38:34-debug: refresh db internal success
5-6-2025 16:38:34-debug: asset-db:worker-effect-data-processing (87ms)
5-6-2025 16:38:34-debug: refresh db assets success
5-6-2025 16:38:34-debug: asset-db:refresh-all-database (134ms)
