5-6-2025 16:38:48-debug: asset-db:worker-init (579ms)
5-6-2025 16:38:48-debug: Preimport db internal success
5-6-2025 16:38:48-debug: Preimport db assets success
5-6-2025 16:38:48-debug: asset-db:worker-effect-data-processing (82ms)
5-6-2025 16:38:50-debug: Set detail map pack:///resolution-detail-map.json: {}
5-6-2025 16:38:50-debug: Start up the 'internal' database...
5-6-2025 16:38:50-debug: asset-db:worker-init-script (1199ms)
5-6-2025 16:38:50-debug: start asset-db with asset: 419
5-6-2025 16:38:50-debug: Start up the 'assets' database...
5-6-2025 16:38:50-debug: asset-db:worker-startup-database[internal] (2251ms)
5-6-2025 16:38:50-debug: start asset-db with asset: 139
5-6-2025 16:38:50-debug: Asset DB is ready!
5-6-2025 16:38:50-debug: asset-db:worker-startup-database[assets] (2257ms)
5-6-2025 16:38:50-debug: init worker message success
5-6-2025 16:38:50-debug: programming:execute-script (1ms)
5-6-2025 16:38:51-debug: builder:worker-init (776ms)
5-6-2025 16:38:51-debug: Query all assets info in project
5-6-2025 16:38:51-debug: BuildAssetLibrary query-assets with assets 741
5-6-2025 16:38:51-debug: init custom config: keepNodeUuid: false, useCache: true
5-6-2025 16:38:51-debug:   Number of all scenes: 4
5-6-2025 16:38:51-debug:   Number of all scripts: 12
5-6-2025 16:38:51-debug:   Number of other assets: 582
5-6-2025 16:38:51-debug: Query asset bundle start0%
5-6-2025 16:38:51-debug: Process: heapTotal 249.88MB heapUsed 223.15MB rss 496.81MB
5-6-2025 16:38:51-debug: // ---- build task Query asset bundle ----
5-6-2025 16:38:51-debug: // ---- build task Query asset bundle ---- (8ms)
5-6-2025 16:38:51-debug: Query and organize assets start3%
5-6-2025 16:38:51-debug: init bundle assets
5-6-2025 16:38:51-debug: // ---- build task Query and organize assets ----
5-6-2025 16:38:51-debug: Process: heapTotal 249.88MB heapUsed 225.19MB rss 496.81MB
5-6-2025 16:38:51-debug: run build task Query asset bundle success in 8 ms √3%
5-6-2025 16:38:51-debug: Query preload assets from cc.config.json: 60f7195c-ec2a-45eb-ba94-8955f60e81d0,1c02ae6f-4492-4915-b8f8-7492a3b1e4cd,810e96e4-e456-4468-9b59-f4e8f39732c0,efe8e2a3-eace-427b-b4f1-cb8a937ec77d,e9aa9a3e-5b2b-4ac7-a2c7-073de2b2b24f,8bbdbcdd-5cd4-4100-b6d5-b7c9625b6107,50f4348b-c883-4e2f-8f11-ce233b859fa1,fda095cb-831d-4601-ad94-846013963de8,f92806d7-1768-443f-afe8-12bcde84d0f0,dd3a144d-ab7f-41f0-82b8-2e43a090d496,f0416e68-0200-4b77-a926-4f9d16e494da,ff9be190-20a4-4e48-b68c-76e3c7cff085,970b0598-bcb0-4714-91fb-2e81440dccd8,bcd64cc6-2dd9-43f6-abbe-66318d332032,d930590d-bb92-4cc8-8bd1-23cd027f9edf,a3cd009f-0ab0-420d-9278-b9fdab939bbc,9361fd90-ba52-4f84-aa93-6e878fd576ca,c27215d8-6835-4b68-bfbb-bdeac6100c04,b5d6115f-0370-4d7c-aad3-c194cc71cf98,871c3b6c-7379-419d-bda3-794b239ab90d
5-6-2025 16:38:51-debug: Number of scenes: 4
5-6-2025 16:38:51-debug: // ---- build task Query and organize assets ---- (6ms)
5-6-2025 16:38:51-debug: // ---- build task Organize scripts ----
5-6-2025 16:38:51-debug: Process: heapTotal 249.88MB heapUsed 225.34MB rss 496.84MB
5-6-2025 16:38:51-debug: sort script group...
5-6-2025 16:38:51-debug: Organize scripts start7%
5-6-2025 16:38:51-debug: run build task Query and organize assets success in 6 ms √7%
5-6-2025 16:38:51-debug: // ---- build task Organize scripts ---- (1ms)
5-6-2025 16:38:51-debug: Init settings and config start10%
5-6-2025 16:38:51-debug: run build task Organize scripts success in 1 ms √10%
5-6-2025 16:38:51-debug: // ---- build task Init settings and config ----
5-6-2025 16:38:51-debug: Process: heapTotal 249.88MB heapUsed 225.37MB rss 496.84MB
5-6-2025 16:38:51-debug: run build task Init settings and config success in 0 ms √11%
5-6-2025 16:38:51-debug: builder.tasks.settings.macro does not defined in i18n
5-6-2025 16:38:51-debug: builder.tasks.settings.macro start11%
5-6-2025 16:38:51-debug: // ---- build task builder.tasks.settings.macro ----
5-6-2025 16:38:51-debug: Process: heapTotal 249.88MB heapUsed 225.39MB rss 496.86MB
5-6-2025 16:38:51-debug: run build task builder.tasks.settings.macro success in 0 ms √11%
5-6-2025 16:38:51-debug: Sort some build options to settings.json start11%
5-6-2025 16:38:51-debug: // ---- build task Sort some build options to settings.json ----
5-6-2025 16:38:51-debug: Process: heapTotal 249.88MB heapUsed 225.41MB rss 496.86MB
5-6-2025 16:38:51-debug: // ---- build task Sort some build options to settings.json ---- (2ms)
5-6-2025 16:38:51-debug: Process: heapTotal 249.88MB heapUsed 225.48MB rss 496.86MB
5-6-2025 16:38:51-debug: custom joint texture layouts start12%
5-6-2025 16:38:51-debug: // ---- build task custom joint texture layouts ----
5-6-2025 16:38:51-debug: run build task Sort some build options to settings.json success in 2 ms √12%
5-6-2025 16:38:51-debug: // ---- build task custom joint texture layouts ---- (1ms)
5-6-2025 16:38:51-debug: run build task custom joint texture layouts success in 1 ms √12%
5-6-2025 16:38:51-debug: // ---- build task custom joint physics ----
5-6-2025 16:38:51-debug: custom joint physics start12%
5-6-2025 16:38:51-debug: Process: heapTotal 249.88MB heapUsed 225.50MB rss 496.86MB
5-6-2025 16:38:51-debug: run build task custom joint physics success in 0 ms √13%
5-6-2025 16:38:51-debug: Process: heapTotal 249.88MB heapUsed 225.52MB rss 496.86MB
5-6-2025 16:38:51-debug: // ---- build task Fill script data to settings ----
5-6-2025 16:38:51-debug: Fill script data to settings start13%
5-6-2025 16:38:51-debug: // ---- build task Fill script data to settings ---- (1ms)
5-6-2025 16:38:51-debug: run build task Fill script data to settings success in 1 ms √13%
5-6-2025 16:38:51-debug: Fill scene data to settings start13%
5-6-2025 16:38:51-debug: // ---- build task Fill scene data to settings ----
5-6-2025 16:38:51-debug: Process: heapTotal 249.88MB heapUsed 225.54MB rss 496.86MB
5-6-2025 16:38:51-debug: // ---- build task Fill scene data to settings ---- (1ms)
5-6-2025 16:38:51-debug: Organize assets groups，generate packedAssets and rawAssets data start14%
5-6-2025 16:38:51-debug: // ---- build task Organize assets groups，generate packedAssets and rawAssets data ----
5-6-2025 16:38:51-debug: Process: heapTotal 249.88MB heapUsed 225.56MB rss 496.88MB
5-6-2025 16:38:51-debug: run build task Fill scene data to settings success in 1 ms √14%
5-6-2025 16:38:51-debug: // ---- build task Organize assets groups，generate packedAssets and rawAssets data ---- (1ms)
5-6-2025 16:38:51-debug: run build task Organize assets groups，generate packedAssets and rawAssets data success in 1 ms √14%
5-6-2025 16:38:51-debug: Generate md5AssetsMap from suffixMap to settings start14%
5-6-2025 16:38:51-debug: // ---- build task Generate md5AssetsMap from suffixMap to settings ----
5-6-2025 16:38:51-debug: options.md5Cache is false.
5-6-2025 16:38:51-debug: Process: heapTotal 249.88MB heapUsed 225.59MB rss 496.89MB
5-6-2025 16:38:51-debug: run build task Generate md5AssetsMap from suffixMap to settings success in 0 ms √15%
5-6-2025 16:38:51-debug: Query all assets info in project
5-6-2025 16:38:51-debug: BuildAssetLibrary query-assets with assets 741
5-6-2025 16:38:51-debug:   Number of all scenes: 4
5-6-2025 16:38:51-debug:   Number of all scripts: 12
5-6-2025 16:38:51-debug:   Number of other assets: 582
5-6-2025 16:38:51-debug: Query asset bundle start0%
5-6-2025 16:38:51-debug: // ---- build task Query asset bundle ----
5-6-2025 16:38:51-debug: Process: heapTotal 249.88MB heapUsed 227.94MB rss 496.91MB
5-6-2025 16:38:51-debug: init custom config: keepNodeUuid: false, useCache: true
5-6-2025 16:38:51-debug: // ---- build task Query asset bundle ---- (9ms)
5-6-2025 16:38:51-debug: // ---- build task Query and organize assets ----
5-6-2025 16:38:51-debug: Query and organize assets start3%
5-6-2025 16:38:51-debug: run build task Query asset bundle success in 9 ms √3%
5-6-2025 16:38:51-debug: Process: heapTotal 249.88MB heapUsed 223.06MB rss 497.05MB
5-6-2025 16:38:51-debug: init bundle assets
5-6-2025 16:38:51-debug: Query preload assets from cc.config.json: 60f7195c-ec2a-45eb-ba94-8955f60e81d0,1c02ae6f-4492-4915-b8f8-7492a3b1e4cd,810e96e4-e456-4468-9b59-f4e8f39732c0,efe8e2a3-eace-427b-b4f1-cb8a937ec77d,e9aa9a3e-5b2b-4ac7-a2c7-073de2b2b24f,8bbdbcdd-5cd4-4100-b6d5-b7c9625b6107,50f4348b-c883-4e2f-8f11-ce233b859fa1,fda095cb-831d-4601-ad94-846013963de8,f92806d7-1768-443f-afe8-12bcde84d0f0,dd3a144d-ab7f-41f0-82b8-2e43a090d496,f0416e68-0200-4b77-a926-4f9d16e494da,ff9be190-20a4-4e48-b68c-76e3c7cff085,970b0598-bcb0-4714-91fb-2e81440dccd8,bcd64cc6-2dd9-43f6-abbe-66318d332032,d930590d-bb92-4cc8-8bd1-23cd027f9edf,a3cd009f-0ab0-420d-9278-b9fdab939bbc,9361fd90-ba52-4f84-aa93-6e878fd576ca,c27215d8-6835-4b68-bfbb-bdeac6100c04,b5d6115f-0370-4d7c-aad3-c194cc71cf98,871c3b6c-7379-419d-bda3-794b239ab90d
5-6-2025 16:38:51-debug: Number of scenes: 4
5-6-2025 16:38:51-debug: // ---- build task Query and organize assets ---- (1ms)
5-6-2025 16:38:51-debug: // ---- build task Organize scripts ----
5-6-2025 16:38:51-debug: Process: heapTotal 249.88MB heapUsed 223.19MB rss 497.06MB
5-6-2025 16:38:51-debug: sort script group...
5-6-2025 16:38:51-debug: Organize scripts start7%
5-6-2025 16:38:51-debug: run build task Query and organize assets success in 1 ms √7%
5-6-2025 16:38:51-debug: // ---- build task Organize scripts ---- (2ms)
5-6-2025 16:38:51-debug: Init settings and config start10%
5-6-2025 16:38:51-debug: // ---- build task Init settings and config ----
5-6-2025 16:38:51-debug: Process: heapTotal 249.88MB heapUsed 223.22MB rss 497.06MB
5-6-2025 16:38:51-debug: run build task Organize scripts success in 2 ms √10%
5-6-2025 16:38:51-debug: // ---- build task Init settings and config ---- (1ms)
5-6-2025 16:38:51-debug: // ---- build task builder.tasks.settings.macro ----
5-6-2025 16:38:51-debug: Process: heapTotal 249.88MB heapUsed 223.24MB rss 497.08MB
5-6-2025 16:38:51-debug: builder.tasks.settings.macro does not defined in i18n
5-6-2025 16:38:51-debug: run build task Init settings and config success in 1 ms √11%
5-6-2025 16:38:51-debug: builder.tasks.settings.macro start11%
5-6-2025 16:38:51-debug: // ---- build task builder.tasks.settings.macro ---- (1ms)
5-6-2025 16:38:51-debug: Sort some build options to settings.json start11%
5-6-2025 16:38:51-debug: Process: heapTotal 249.88MB heapUsed 223.27MB rss 497.08MB
5-6-2025 16:38:51-debug: run build task builder.tasks.settings.macro success in 1 ms √11%
5-6-2025 16:38:51-debug: // ---- build task Sort some build options to settings.json ----
5-6-2025 16:38:51-debug: run build task Sort some build options to settings.json success in 2 ms √12%
5-6-2025 16:38:51-debug: // ---- build task Sort some build options to settings.json ---- (2ms)
5-6-2025 16:38:51-debug: // ---- build task custom joint texture layouts ----
5-6-2025 16:38:51-debug: custom joint texture layouts start12%
5-6-2025 16:38:51-debug: Process: heapTotal 249.88MB heapUsed 223.34MB rss 497.08MB
5-6-2025 16:38:51-debug: // ---- build task custom joint texture layouts ---- (1ms)
5-6-2025 16:38:51-debug: run build task custom joint texture layouts success in 1 ms √12%
5-6-2025 16:38:51-debug: custom joint physics start12%
5-6-2025 16:38:51-debug: // ---- build task custom joint physics ----
5-6-2025 16:38:51-debug: Process: heapTotal 249.88MB heapUsed 223.36MB rss 497.08MB
5-6-2025 16:38:51-debug: // ---- build task custom joint physics ---- (1ms)
5-6-2025 16:38:51-debug: Fill script data to settings start13%
5-6-2025 16:38:51-debug: Process: heapTotal 249.88MB heapUsed 223.38MB rss 497.08MB
5-6-2025 16:38:51-debug: // ---- build task Fill script data to settings ----
5-6-2025 16:38:51-debug: run build task custom joint physics success in 1 ms √13%
5-6-2025 16:38:51-debug: run build task Fill script data to settings success in 0 ms √13%
5-6-2025 16:38:51-debug: Fill scene data to settings start13%
5-6-2025 16:38:51-debug: // ---- build task Fill scene data to settings ----
5-6-2025 16:38:51-debug: Process: heapTotal 249.88MB heapUsed 223.40MB rss 497.08MB
5-6-2025 16:38:51-debug: run build task Fill scene data to settings success in 0 ms √14%
5-6-2025 16:38:51-debug: Organize assets groups，generate packedAssets and rawAssets data start14%
5-6-2025 16:38:51-debug: // ---- build task Organize assets groups，generate packedAssets and rawAssets data ----
5-6-2025 16:38:51-debug: Process: heapTotal 249.88MB heapUsed 223.41MB rss 497.09MB
5-6-2025 16:38:51-debug: run build task Organize assets groups，generate packedAssets and rawAssets data success in 0 ms √14%
5-6-2025 16:38:51-debug: Generate md5AssetsMap from suffixMap to settings start14%
5-6-2025 16:38:51-debug: // ---- build task Generate md5AssetsMap from suffixMap to settings ----
5-6-2025 16:38:51-debug: Process: heapTotal 249.88MB heapUsed 223.44MB rss 497.09MB
5-6-2025 16:38:51-debug: options.md5Cache is false.
5-6-2025 16:38:51-debug: // ---- build task Generate md5AssetsMap from suffixMap to settings ---- (1ms)
5-6-2025 16:38:51-debug: run build task Generate md5AssetsMap from suffixMap to settings success in 1 ms √15%
5-6-2025 16:38:51-debug: Query all assets info in project
5-6-2025 16:38:51-debug: BuildAssetLibrary query-assets with assets 741
5-6-2025 16:38:51-debug: init custom config: keepNodeUuid: false, useCache: true
5-6-2025 16:38:51-debug:   Number of all scenes: 4
5-6-2025 16:38:51-debug:   Number of other assets: 582
5-6-2025 16:38:51-debug: // ---- build task Query asset bundle ----
5-6-2025 16:38:51-debug: Process: heapTotal 249.88MB heapUsed 225.79MB rss 497.16MB
5-6-2025 16:38:51-debug:   Number of all scripts: 12
5-6-2025 16:38:51-debug: Query asset bundle start0%
5-6-2025 16:38:51-debug: // ---- build task Query asset bundle ---- (10ms)
5-6-2025 16:38:51-debug: // ---- build task Query and organize assets ----
5-6-2025 16:38:51-debug: Query and organize assets start3%
5-6-2025 16:38:51-debug: run build task Query asset bundle success in 10 ms √3%
5-6-2025 16:38:51-debug: init bundle assets
5-6-2025 16:38:51-debug: Process: heapTotal 249.88MB heapUsed 227.83MB rss 495.67MB
5-6-2025 16:38:51-debug: Query preload assets from cc.config.json: 60f7195c-ec2a-45eb-ba94-8955f60e81d0,1c02ae6f-4492-4915-b8f8-7492a3b1e4cd,810e96e4-e456-4468-9b59-f4e8f39732c0,efe8e2a3-eace-427b-b4f1-cb8a937ec77d,e9aa9a3e-5b2b-4ac7-a2c7-073de2b2b24f,8bbdbcdd-5cd4-4100-b6d5-b7c9625b6107,50f4348b-c883-4e2f-8f11-ce233b859fa1,fda095cb-831d-4601-ad94-846013963de8,f92806d7-1768-443f-afe8-12bcde84d0f0,dd3a144d-ab7f-41f0-82b8-2e43a090d496,f0416e68-0200-4b77-a926-4f9d16e494da,ff9be190-20a4-4e48-b68c-76e3c7cff085,970b0598-bcb0-4714-91fb-2e81440dccd8,bcd64cc6-2dd9-43f6-abbe-66318d332032,d930590d-bb92-4cc8-8bd1-23cd027f9edf,a3cd009f-0ab0-420d-9278-b9fdab939bbc,9361fd90-ba52-4f84-aa93-6e878fd576ca,c27215d8-6835-4b68-bfbb-bdeac6100c04,b5d6115f-0370-4d7c-aad3-c194cc71cf98,871c3b6c-7379-419d-bda3-794b239ab90d
5-6-2025 16:38:51-debug: run build task Query and organize assets success in 2 ms √7%
5-6-2025 16:38:51-debug: Organize scripts start7%
5-6-2025 16:38:51-debug: // ---- build task Organize scripts ----
5-6-2025 16:38:51-debug: Process: heapTotal 249.88MB heapUsed 227.96MB rss 495.81MB
5-6-2025 16:38:51-debug: sort script group...
5-6-2025 16:38:51-debug: // ---- build task Query and organize assets ---- (2ms)
5-6-2025 16:38:51-debug: Number of scenes: 4
5-6-2025 16:38:51-debug: run build task Organize scripts success in 0 ms √10%
5-6-2025 16:38:51-debug: Init settings and config start10%
5-6-2025 16:38:51-debug: // ---- build task Init settings and config ----
5-6-2025 16:38:51-debug: Process: heapTotal 249.88MB heapUsed 227.98MB rss 495.89MB
5-6-2025 16:38:51-debug: run build task Init settings and config success in 0 ms √11%
5-6-2025 16:38:51-debug: builder.tasks.settings.macro start11%
5-6-2025 16:38:51-debug: // ---- build task builder.tasks.settings.macro ----
5-6-2025 16:38:51-debug: builder.tasks.settings.macro does not defined in i18n
5-6-2025 16:38:51-debug: Process: heapTotal 249.88MB heapUsed 228.01MB rss 495.89MB
5-6-2025 16:38:51-debug: run build task builder.tasks.settings.macro success in 1 ms √11%
5-6-2025 16:38:51-debug: // ---- build task Sort some build options to settings.json ----
5-6-2025 16:38:51-debug: // ---- build task builder.tasks.settings.macro ---- (1ms)
5-6-2025 16:38:51-debug: Process: heapTotal 249.88MB heapUsed 228.03MB rss 495.91MB
5-6-2025 16:38:51-debug: Sort some build options to settings.json start11%
5-6-2025 16:38:51-debug: // ---- build task Sort some build options to settings.json ---- (2ms)
5-6-2025 16:38:51-debug: run build task Sort some build options to settings.json success in 2 ms √12%
5-6-2025 16:38:51-debug: // ---- build task custom joint texture layouts ----
5-6-2025 16:38:51-debug: custom joint texture layouts start12%
5-6-2025 16:38:51-debug: Process: heapTotal 249.88MB heapUsed 228.11MB rss 495.91MB
5-6-2025 16:38:51-debug: // ---- build task custom joint texture layouts ---- (1ms)
5-6-2025 16:38:51-debug: run build task custom joint texture layouts success in 1 ms √12%
5-6-2025 16:38:51-debug: custom joint physics start12%
5-6-2025 16:38:51-debug: // ---- build task custom joint physics ----
5-6-2025 16:38:51-debug: Process: heapTotal 249.88MB heapUsed 228.13MB rss 495.91MB
5-6-2025 16:38:51-debug: run build task custom joint physics success in 0 ms √13%
5-6-2025 16:38:51-debug: Process: heapTotal 249.88MB heapUsed 228.15MB rss 495.91MB
5-6-2025 16:38:51-debug: // ---- build task Fill script data to settings ----
5-6-2025 16:38:51-debug: Fill script data to settings start13%
5-6-2025 16:38:51-debug: run build task Fill script data to settings success in 0 ms √13%
5-6-2025 16:38:51-debug: // ---- build task Fill scene data to settings ----
5-6-2025 16:38:51-debug: Process: heapTotal 249.88MB heapUsed 228.17MB rss 494.81MB
5-6-2025 16:38:51-debug: Fill scene data to settings start13%
5-6-2025 16:38:51-debug: // ---- build task Fill scene data to settings ---- (1ms)
5-6-2025 16:38:51-debug: run build task Fill scene data to settings success in 1 ms √14%
5-6-2025 16:38:51-debug: Organize assets groups，generate packedAssets and rawAssets data start14%
5-6-2025 16:38:51-debug: // ---- build task Organize assets groups，generate packedAssets and rawAssets data ----
5-6-2025 16:38:51-debug: Process: heapTotal 249.88MB heapUsed 228.19MB rss 494.47MB
5-6-2025 16:38:51-debug: run build task Organize assets groups，generate packedAssets and rawAssets data success in 0 ms √14%
5-6-2025 16:38:51-debug: Generate md5AssetsMap from suffixMap to settings start14%
5-6-2025 16:38:51-debug: // ---- build task Generate md5AssetsMap from suffixMap to settings ----
5-6-2025 16:38:51-debug: Process: heapTotal 249.88MB heapUsed 228.21MB rss 493.22MB
5-6-2025 16:38:51-debug: options.md5Cache is false.
5-6-2025 16:38:51-debug: run build task Generate md5AssetsMap from suffixMap to settings success in 0 ms √15%
5-6-2025 16:38:53-debug: programming:execute-script (2ms)
5-6-2025 16:39:01-debug: refresh db internal success
5-6-2025 16:39:01-debug: asset-db:worker-effect-data-processing (78ms)
5-6-2025 16:39:01-debug: refresh db assets success
5-6-2025 16:39:01-debug: asset-db:refresh-all-database (130ms)
5-6-2025 16:39:01-debug: Query all assets info in project
5-6-2025 16:39:01-debug: BuildAssetLibrary query-assets with assets 741
5-6-2025 16:39:01-debug: init custom config: keepNodeUuid: false, useCache: true
5-6-2025 16:39:01-debug:   Number of all scenes: 4
5-6-2025 16:39:01-debug:   Number of all scripts: 12
5-6-2025 16:39:01-debug:   Number of other assets: 582
5-6-2025 16:39:01-debug: Query asset bundle start0%
5-6-2025 16:39:01-debug: // ---- build task Query asset bundle ----
5-6-2025 16:39:01-debug: Process: heapTotal 253.69MB heapUsed 230.87MB rss 138.89MB
5-6-2025 16:39:01-debug: // ---- build task Query asset bundle ---- (3ms)
5-6-2025 16:39:01-debug: Process: heapTotal 253.69MB heapUsed 232.90MB rss 139.09MB
5-6-2025 16:39:01-debug: init bundle assets
5-6-2025 16:39:01-debug: // ---- build task Query and organize assets ----
5-6-2025 16:39:01-debug: run build task Query asset bundle success in 3 ms √3%
5-6-2025 16:39:01-debug: Query and organize assets start3%
5-6-2025 16:39:01-debug: Query preload assets from cc.config.json: 60f7195c-ec2a-45eb-ba94-8955f60e81d0,1c02ae6f-4492-4915-b8f8-7492a3b1e4cd,810e96e4-e456-4468-9b59-f4e8f39732c0,efe8e2a3-eace-427b-b4f1-cb8a937ec77d,e9aa9a3e-5b2b-4ac7-a2c7-073de2b2b24f,8bbdbcdd-5cd4-4100-b6d5-b7c9625b6107,50f4348b-c883-4e2f-8f11-ce233b859fa1,fda095cb-831d-4601-ad94-846013963de8,f92806d7-1768-443f-afe8-12bcde84d0f0,dd3a144d-ab7f-41f0-82b8-2e43a090d496,f0416e68-0200-4b77-a926-4f9d16e494da,ff9be190-20a4-4e48-b68c-76e3c7cff085,970b0598-bcb0-4714-91fb-2e81440dccd8,bcd64cc6-2dd9-43f6-abbe-66318d332032,d930590d-bb92-4cc8-8bd1-23cd027f9edf,a3cd009f-0ab0-420d-9278-b9fdab939bbc,9361fd90-ba52-4f84-aa93-6e878fd576ca,c27215d8-6835-4b68-bfbb-bdeac6100c04,b5d6115f-0370-4d7c-aad3-c194cc71cf98,871c3b6c-7379-419d-bda3-794b239ab90d
5-6-2025 16:39:01-debug: Number of scenes: 4
5-6-2025 16:39:01-debug: // ---- build task Query and organize assets ---- (2ms)
5-6-2025 16:39:01-debug: run build task Query and organize assets success in 2 ms √7%
5-6-2025 16:39:01-debug: Organize scripts start7%
5-6-2025 16:39:01-debug: // ---- build task Organize scripts ----
5-6-2025 16:39:01-debug: Process: heapTotal 253.69MB heapUsed 233.03MB rss 139.41MB
5-6-2025 16:39:01-debug: sort script group...
5-6-2025 16:39:01-debug: run build task Organize scripts success in 0 ms √10%
5-6-2025 16:39:01-debug: // ---- build task Init settings and config ----
5-6-2025 16:39:01-debug: Init settings and config start10%
5-6-2025 16:39:01-debug: Process: heapTotal 253.69MB heapUsed 233.06MB rss 139.53MB
5-6-2025 16:39:01-debug: run build task Init settings and config success in 0 ms √11%
5-6-2025 16:39:01-debug: builder.tasks.settings.macro does not defined in i18n
5-6-2025 16:39:01-debug: builder.tasks.settings.macro start11%
5-6-2025 16:39:01-debug: // ---- build task builder.tasks.settings.macro ----
5-6-2025 16:39:01-debug: Process: heapTotal 253.69MB heapUsed 233.08MB rss 139.63MB
5-6-2025 16:39:01-debug: // ---- build task builder.tasks.settings.macro ---- (2ms)
5-6-2025 16:39:01-debug: Sort some build options to settings.json start11%
5-6-2025 16:39:01-debug: run build task builder.tasks.settings.macro success in 2 ms √11%
5-6-2025 16:39:01-debug: Process: heapTotal 253.69MB heapUsed 233.10MB rss 139.63MB
5-6-2025 16:39:01-debug: // ---- build task Sort some build options to settings.json ----
5-6-2025 16:39:01-debug: // ---- build task Sort some build options to settings.json ---- (3ms)
5-6-2025 16:39:01-debug: // ---- build task custom joint texture layouts ----
5-6-2025 16:39:01-debug: Process: heapTotal 253.69MB heapUsed 233.17MB rss 140.00MB
5-6-2025 16:39:01-debug: run build task Sort some build options to settings.json success in 3 ms √12%
5-6-2025 16:39:01-debug: custom joint texture layouts start12%
5-6-2025 16:39:01-debug: run build task custom joint texture layouts success in 0 ms √12%
5-6-2025 16:39:01-debug: custom joint physics start12%
5-6-2025 16:39:01-debug: // ---- build task custom joint physics ----
5-6-2025 16:39:01-debug: Process: heapTotal 253.69MB heapUsed 233.19MB rss 140.00MB
5-6-2025 16:39:01-debug: run build task custom joint physics success in 0 ms √13%
5-6-2025 16:39:01-debug: // ---- build task Fill script data to settings ----
5-6-2025 16:39:01-debug: Fill script data to settings start13%
5-6-2025 16:39:01-debug: Process: heapTotal 253.69MB heapUsed 233.21MB rss 140.02MB
5-6-2025 16:39:01-debug: run build task Fill script data to settings success in 0 ms √13%
5-6-2025 16:39:01-debug: Fill scene data to settings start13%
5-6-2025 16:39:01-debug: // ---- build task Fill scene data to settings ----
5-6-2025 16:39:01-debug: Process: heapTotal 253.69MB heapUsed 233.23MB rss 140.02MB
5-6-2025 16:39:01-debug: run build task Fill scene data to settings success in 0 ms √14%
5-6-2025 16:39:01-debug: // ---- build task Organize assets groups，generate packedAssets and rawAssets data ----
5-6-2025 16:39:01-debug: Process: heapTotal 253.69MB heapUsed 233.25MB rss 140.06MB
5-6-2025 16:39:01-debug: Organize assets groups，generate packedAssets and rawAssets data start14%
5-6-2025 16:39:01-debug: run build task Organize assets groups，generate packedAssets and rawAssets data success in 0 ms √14%
5-6-2025 16:39:01-debug: Generate md5AssetsMap from suffixMap to settings start14%
5-6-2025 16:39:01-debug: // ---- build task Generate md5AssetsMap from suffixMap to settings ----
5-6-2025 16:39:01-debug: Process: heapTotal 253.69MB heapUsed 233.27MB rss 140.31MB
5-6-2025 16:39:01-debug: options.md5Cache is false.
5-6-2025 16:39:01-debug: // ---- build task Generate md5AssetsMap from suffixMap to settings ---- (1ms)
5-6-2025 16:39:01-debug: run build task Generate md5AssetsMap from suffixMap to settings success in 1 ms √15%
5-6-2025 16:39:18-debug: refresh db internal success
5-6-2025 16:39:18-debug: asset-db:worker-effect-data-processing (103ms)
5-6-2025 16:39:18-debug: refresh db assets success
5-6-2025 16:39:18-debug: asset-db:refresh-all-database (127ms)
5-6-2025 16:40:00-debug: refresh db internal success
5-6-2025 16:40:00-debug: asset-db:worker-effect-data-processing (129ms)
5-6-2025 16:40:00-debug: refresh db assets success
5-6-2025 16:40:00-debug: asset-db:refresh-all-database (162ms)
5-6-2025 16:40:33-debug: refresh db internal success
5-6-2025 16:40:33-debug: asset-db:worker-effect-data-processing (117ms)
5-6-2025 16:40:33-debug: %cImport%c: /Users/ADMIN/Desktop/BubbleShooterCandy_Github/BubbleShooterCandy_Cocos/assets/Scripts/GameController.tsbackground: #aaff85; color: #000;color: #000;
5-6-2025 16:40:33-debug: refresh db assets success
5-6-2025 16:40:33-debug: asset-db:refresh-all-database (216ms)
5-6-2025 16:40:34-debug: Query all assets info in project
5-6-2025 16:40:34-debug: BuildAssetLibrary query-assets with assets 741
5-6-2025 16:40:34-debug: init custom config: keepNodeUuid: false, useCache: true
5-6-2025 16:40:34-debug:   Number of all scenes: 4
5-6-2025 16:40:34-debug: Query asset bundle start0%
5-6-2025 16:40:34-debug: // ---- build task Query asset bundle ----
5-6-2025 16:40:34-debug: Process: heapTotal 232.86MB heapUsed 197.57MB rss 237.89MB
5-6-2025 16:40:34-debug:   Number of other assets: 582
5-6-2025 16:40:34-debug:   Number of all scripts: 12
5-6-2025 16:40:34-debug: run build task Query asset bundle success in 21 ms √3%
5-6-2025 16:40:34-debug: // ---- build task Query asset bundle ---- (21ms)
5-6-2025 16:40:34-debug: Query and organize assets start3%
5-6-2025 16:40:34-debug: Process: heapTotal 232.86MB heapUsed 193.59MB rss 241.83MB
5-6-2025 16:40:34-debug: init bundle assets
5-6-2025 16:40:34-debug: // ---- build task Query and organize assets ----
5-6-2025 16:40:34-debug: Query preload assets from cc.config.json: 60f7195c-ec2a-45eb-ba94-8955f60e81d0,1c02ae6f-4492-4915-b8f8-7492a3b1e4cd,810e96e4-e456-4468-9b59-f4e8f39732c0,efe8e2a3-eace-427b-b4f1-cb8a937ec77d,e9aa9a3e-5b2b-4ac7-a2c7-073de2b2b24f,8bbdbcdd-5cd4-4100-b6d5-b7c9625b6107,50f4348b-c883-4e2f-8f11-ce233b859fa1,fda095cb-831d-4601-ad94-846013963de8,f92806d7-1768-443f-afe8-12bcde84d0f0,dd3a144d-ab7f-41f0-82b8-2e43a090d496,f0416e68-0200-4b77-a926-4f9d16e494da,ff9be190-20a4-4e48-b68c-76e3c7cff085,970b0598-bcb0-4714-91fb-2e81440dccd8,bcd64cc6-2dd9-43f6-abbe-66318d332032,d930590d-bb92-4cc8-8bd1-23cd027f9edf,a3cd009f-0ab0-420d-9278-b9fdab939bbc,9361fd90-ba52-4f84-aa93-6e878fd576ca,c27215d8-6835-4b68-bfbb-bdeac6100c04,b5d6115f-0370-4d7c-aad3-c194cc71cf98,871c3b6c-7379-419d-bda3-794b239ab90d
5-6-2025 16:40:34-debug: Number of scenes: 4
5-6-2025 16:40:34-debug: // ---- build task Query and organize assets ---- (4ms)
5-6-2025 16:40:34-debug: Process: heapTotal 232.86MB heapUsed 193.75MB rss 242.80MB
5-6-2025 16:40:34-debug: run build task Query and organize assets success in 4 ms √7%
5-6-2025 16:40:34-debug: Organize scripts start7%
5-6-2025 16:40:34-debug: // ---- build task Organize scripts ----
5-6-2025 16:40:34-debug: sort script group...
5-6-2025 16:40:34-debug: // ---- build task Organize scripts ---- (1ms)
5-6-2025 16:40:34-debug: run build task Organize scripts success in 1 ms √10%
5-6-2025 16:40:34-debug: Init settings and config start10%
5-6-2025 16:40:34-debug: // ---- build task Init settings and config ----
5-6-2025 16:40:34-debug: Process: heapTotal 232.86MB heapUsed 193.87MB rss 242.92MB
5-6-2025 16:40:34-debug: run build task Init settings and config success in 0 ms √11%
5-6-2025 16:40:34-debug: builder.tasks.settings.macro does not defined in i18n
5-6-2025 16:40:34-debug: builder.tasks.settings.macro start11%
5-6-2025 16:40:34-debug: start refresh asset from /Users/ADMIN/Desktop/BubbleShooterCandy_Github/BubbleShooterCandy_Cocos/assets/Scenes/Game.scene...
5-6-2025 16:40:34-debug: // ---- build task builder.tasks.settings.macro ----
5-6-2025 16:40:34-debug: Process: heapTotal 232.86MB heapUsed 193.89MB rss 242.95MB
5-6-2025 16:40:34-debug: %cImport%c: /Users/ADMIN/Desktop/BubbleShooterCandy_Github/BubbleShooterCandy_Cocos/assets/Scenes/Game.scenebackground: #aaff85; color: #000;color: #000;
5-6-2025 16:40:34-debug: run build task builder.tasks.settings.macro success in 3 ms √11%
5-6-2025 16:40:34-debug: // ---- build task Sort some build options to settings.json ----
5-6-2025 16:40:34-debug: Sort some build options to settings.json start11%
5-6-2025 16:40:34-debug: // ---- build task builder.tasks.settings.macro ---- (3ms)
5-6-2025 16:40:34-debug: Process: heapTotal 232.86MB heapUsed 193.93MB rss 243.00MB
5-6-2025 16:40:34-debug: run build task Sort some build options to settings.json success in 9 ms √12%
5-6-2025 16:40:34-debug: // ---- build task Sort some build options to settings.json ---- (9ms)
5-6-2025 16:40:34-debug: custom joint texture layouts start12%
5-6-2025 16:40:34-debug: // ---- build task custom joint texture layouts ----
5-6-2025 16:40:34-debug: Process: heapTotal 233.33MB heapUsed 194.91MB rss 243.91MB
5-6-2025 16:40:34-debug: refresh asset /Users/ADMIN/Desktop/BubbleShooterCandy_Github/BubbleShooterCandy_Cocos/assets/Scenes success
5-6-2025 16:40:34-debug: // ---- build task custom joint texture layouts ---- (8ms)
5-6-2025 16:40:34-debug: run build task custom joint texture layouts success in 8 ms √12%
5-6-2025 16:40:34-debug: custom joint physics start12%
5-6-2025 16:40:34-debug: // ---- build task custom joint physics ----
5-6-2025 16:40:34-debug: Process: heapTotal 233.33MB heapUsed 194.94MB rss 243.94MB
5-6-2025 16:40:34-debug: run build task custom joint physics success in 0 ms √13%
5-6-2025 16:40:34-debug: Fill script data to settings start13%
5-6-2025 16:40:34-debug: // ---- build task Fill script data to settings ----
5-6-2025 16:40:34-debug: Process: heapTotal 233.33MB heapUsed 194.96MB rss 243.94MB
5-6-2025 16:40:34-debug: run build task Fill script data to settings success in 0 ms √13%
5-6-2025 16:40:34-debug: Fill scene data to settings start13%
5-6-2025 16:40:34-debug: // ---- build task Fill scene data to settings ----
5-6-2025 16:40:34-debug: Process: heapTotal 233.33MB heapUsed 194.98MB rss 243.95MB
5-6-2025 16:40:34-debug: run build task Fill scene data to settings success in 0 ms √14%
5-6-2025 16:40:34-debug: Organize assets groups，generate packedAssets and rawAssets data start14%
5-6-2025 16:40:34-debug: // ---- build task Organize assets groups，generate packedAssets and rawAssets data ----
5-6-2025 16:40:34-debug: Process: heapTotal 233.33MB heapUsed 195.00MB rss 243.97MB
5-6-2025 16:40:34-debug: // ---- build task Organize assets groups，generate packedAssets and rawAssets data ---- (1ms)
5-6-2025 16:40:34-debug: run build task Organize assets groups，generate packedAssets and rawAssets data success in 1 ms √14%
5-6-2025 16:40:34-debug: Generate md5AssetsMap from suffixMap to settings start14%
5-6-2025 16:40:34-debug: // ---- build task Generate md5AssetsMap from suffixMap to settings ----
5-6-2025 16:40:34-debug: Process: heapTotal 233.33MB heapUsed 195.03MB rss 244.02MB
5-6-2025 16:40:34-debug: options.md5Cache is false.
5-6-2025 16:40:34-debug: run build task Generate md5AssetsMap from suffixMap to settings success in 0 ms √15%
5-6-2025 16:40:34-debug: Query all assets info in project
5-6-2025 16:40:34-debug: BuildAssetLibrary query-assets with assets 741
5-6-2025 16:40:34-debug: init custom config: keepNodeUuid: false, useCache: true
5-6-2025 16:40:34-debug: Query asset bundle start0%
5-6-2025 16:40:34-debug: // ---- build task Query asset bundle ----
5-6-2025 16:40:34-debug: Process: heapTotal 233.33MB heapUsed 197.40MB rss 245.38MB
5-6-2025 16:40:34-debug:   Number of all scenes: 4
5-6-2025 16:40:34-debug:   Number of other assets: 582
5-6-2025 16:40:34-debug:   Number of all scripts: 12
5-6-2025 16:40:34-debug: // ---- build task Query asset bundle ---- (8ms)
5-6-2025 16:40:34-debug: run build task Query asset bundle success in 8 ms √3%
5-6-2025 16:40:34-debug: Query and organize assets start3%
5-6-2025 16:40:34-debug: // ---- build task Query and organize assets ----
5-6-2025 16:40:34-debug: Process: heapTotal 233.33MB heapUsed 199.43MB rss 246.20MB
5-6-2025 16:40:34-debug: init bundle assets
5-6-2025 16:40:34-debug: Query preload assets from cc.config.json: 60f7195c-ec2a-45eb-ba94-8955f60e81d0,1c02ae6f-4492-4915-b8f8-7492a3b1e4cd,810e96e4-e456-4468-9b59-f4e8f39732c0,efe8e2a3-eace-427b-b4f1-cb8a937ec77d,e9aa9a3e-5b2b-4ac7-a2c7-073de2b2b24f,8bbdbcdd-5cd4-4100-b6d5-b7c9625b6107,50f4348b-c883-4e2f-8f11-ce233b859fa1,fda095cb-831d-4601-ad94-846013963de8,f92806d7-1768-443f-afe8-12bcde84d0f0,dd3a144d-ab7f-41f0-82b8-2e43a090d496,f0416e68-0200-4b77-a926-4f9d16e494da,ff9be190-20a4-4e48-b68c-76e3c7cff085,970b0598-bcb0-4714-91fb-2e81440dccd8,bcd64cc6-2dd9-43f6-abbe-66318d332032,d930590d-bb92-4cc8-8bd1-23cd027f9edf,a3cd009f-0ab0-420d-9278-b9fdab939bbc,9361fd90-ba52-4f84-aa93-6e878fd576ca,c27215d8-6835-4b68-bfbb-bdeac6100c04,b5d6115f-0370-4d7c-aad3-c194cc71cf98,871c3b6c-7379-419d-bda3-794b239ab90d
5-6-2025 16:40:34-debug: Number of scenes: 4
5-6-2025 16:40:34-debug: // ---- build task Query and organize assets ---- (12ms)
5-6-2025 16:40:34-debug: // ---- build task Organize scripts ----
5-6-2025 16:40:34-debug: Process: heapTotal 233.33MB heapUsed 199.56MB rss 246.36MB
5-6-2025 16:40:34-debug: sort script group...
5-6-2025 16:40:34-debug: run build task Query and organize assets success in 12 ms √7%
5-6-2025 16:40:34-debug: Organize scripts start7%
5-6-2025 16:40:34-debug: // ---- build task Organize scripts ---- (1ms)
5-6-2025 16:40:34-debug: Process: heapTotal 233.33MB heapUsed 199.59MB rss 246.39MB
5-6-2025 16:40:34-debug: run build task Organize scripts success in 1 ms √10%
5-6-2025 16:40:34-debug: Init settings and config start10%
5-6-2025 16:40:34-debug: // ---- build task Init settings and config ----
5-6-2025 16:40:34-debug: // ---- build task Init settings and config ---- (1ms)
5-6-2025 16:40:34-debug: run build task Init settings and config success in 1 ms √11%
5-6-2025 16:40:34-debug: builder.tasks.settings.macro does not defined in i18n
5-6-2025 16:40:34-debug: builder.tasks.settings.macro start11%
5-6-2025 16:40:34-debug: // ---- build task builder.tasks.settings.macro ----
5-6-2025 16:40:34-debug: Process: heapTotal 233.33MB heapUsed 199.62MB rss 246.42MB
5-6-2025 16:40:34-debug: // ---- build task builder.tasks.settings.macro ---- (5ms)
5-6-2025 16:40:34-debug: run build task builder.tasks.settings.macro success in 5 ms √11%
5-6-2025 16:40:34-debug: Process: heapTotal 233.33MB heapUsed 199.64MB rss 246.47MB
5-6-2025 16:40:34-debug: // ---- build task Sort some build options to settings.json ----
5-6-2025 16:40:34-debug: Sort some build options to settings.json start11%
5-6-2025 16:40:34-debug: run build task Sort some build options to settings.json success in 3 ms √12%
5-6-2025 16:40:34-debug: Process: heapTotal 233.33MB heapUsed 199.71MB rss 246.55MB
5-6-2025 16:40:34-debug: custom joint texture layouts start12%
5-6-2025 16:40:34-debug: // ---- build task custom joint texture layouts ----
5-6-2025 16:40:34-debug: // ---- build task Sort some build options to settings.json ---- (3ms)
5-6-2025 16:40:34-debug: // ---- build task custom joint texture layouts ---- (1ms)
5-6-2025 16:40:34-debug: // ---- build task custom joint physics ----
5-6-2025 16:40:34-debug: run build task custom joint texture layouts success in 1 ms √12%
5-6-2025 16:40:34-debug: custom joint physics start12%
5-6-2025 16:40:34-debug: Process: heapTotal 233.33MB heapUsed 199.73MB rss 246.56MB
5-6-2025 16:40:34-debug: run build task custom joint physics success in 0 ms √13%
5-6-2025 16:40:34-debug: // ---- build task Fill script data to settings ----
5-6-2025 16:40:34-debug: Process: heapTotal 233.33MB heapUsed 199.75MB rss 246.58MB
5-6-2025 16:40:34-debug: Fill script data to settings start13%
5-6-2025 16:40:34-debug: // ---- build task Fill script data to settings ---- (3ms)
5-6-2025 16:40:34-debug: run build task Fill script data to settings success in 3 ms √13%
5-6-2025 16:40:34-debug: Fill scene data to settings start13%
5-6-2025 16:40:34-debug: // ---- build task Fill scene data to settings ----
5-6-2025 16:40:34-debug: Process: heapTotal 233.33MB heapUsed 199.77MB rss 246.59MB
5-6-2025 16:40:34-debug: // ---- build task Fill scene data to settings ---- (2ms)
5-6-2025 16:40:34-debug: Organize assets groups，generate packedAssets and rawAssets data start14%
5-6-2025 16:40:34-debug: // ---- build task Organize assets groups，generate packedAssets and rawAssets data ----
5-6-2025 16:40:34-debug: Process: heapTotal 233.33MB heapUsed 199.80MB rss 247.02MB
5-6-2025 16:40:34-debug: run build task Fill scene data to settings success in 2 ms √14%
5-6-2025 16:40:34-debug: // ---- build task Organize assets groups，generate packedAssets and rawAssets data ---- (2ms)
5-6-2025 16:40:34-debug: Process: heapTotal 233.33MB heapUsed 199.89MB rss 247.11MB
5-6-2025 16:40:34-debug: options.md5Cache is false.
5-6-2025 16:40:34-debug: // ---- build task Generate md5AssetsMap from suffixMap to settings ----
5-6-2025 16:40:34-debug: run build task Organize assets groups，generate packedAssets and rawAssets data success in 2 ms √14%
5-6-2025 16:40:34-debug: Generate md5AssetsMap from suffixMap to settings start14%
5-6-2025 16:40:34-debug: // ---- build task Generate md5AssetsMap from suffixMap to settings ---- (1ms)
5-6-2025 16:40:34-debug: run build task Generate md5AssetsMap from suffixMap to settings success in 1 ms √15%
5-6-2025 16:40:34-debug: Query all assets info in project
5-6-2025 16:40:34-debug: BuildAssetLibrary query-assets with assets 741
5-6-2025 16:40:34-debug:   Number of all scenes: 4
5-6-2025 16:40:34-debug:   Number of all scripts: 12
5-6-2025 16:40:34-debug:   Number of other assets: 582
5-6-2025 16:40:34-debug: Query asset bundle start0%
5-6-2025 16:40:34-debug: // ---- build task Query asset bundle ----
5-6-2025 16:40:34-debug: init custom config: keepNodeUuid: false, useCache: true
5-6-2025 16:40:34-debug: Process: heapTotal 233.02MB heapUsed 194.53MB rss 248.61MB
5-6-2025 16:40:34-debug: // ---- build task Query asset bundle ---- (4ms)
5-6-2025 16:40:34-debug: Query and organize assets start3%
5-6-2025 16:40:34-debug: Process: heapTotal 233.02MB heapUsed 196.56MB rss 248.98MB
5-6-2025 16:40:34-debug: run build task Query asset bundle success in 4 ms √3%
5-6-2025 16:40:34-debug: // ---- build task Query and organize assets ----
5-6-2025 16:40:34-debug: init bundle assets
5-6-2025 16:40:34-debug: Query preload assets from cc.config.json: 60f7195c-ec2a-45eb-ba94-8955f60e81d0,1c02ae6f-4492-4915-b8f8-7492a3b1e4cd,810e96e4-e456-4468-9b59-f4e8f39732c0,efe8e2a3-eace-427b-b4f1-cb8a937ec77d,e9aa9a3e-5b2b-4ac7-a2c7-073de2b2b24f,8bbdbcdd-5cd4-4100-b6d5-b7c9625b6107,50f4348b-c883-4e2f-8f11-ce233b859fa1,fda095cb-831d-4601-ad94-846013963de8,f92806d7-1768-443f-afe8-12bcde84d0f0,dd3a144d-ab7f-41f0-82b8-2e43a090d496,f0416e68-0200-4b77-a926-4f9d16e494da,ff9be190-20a4-4e48-b68c-76e3c7cff085,970b0598-bcb0-4714-91fb-2e81440dccd8,bcd64cc6-2dd9-43f6-abbe-66318d332032,d930590d-bb92-4cc8-8bd1-23cd027f9edf,a3cd009f-0ab0-420d-9278-b9fdab939bbc,9361fd90-ba52-4f84-aa93-6e878fd576ca,c27215d8-6835-4b68-bfbb-bdeac6100c04,b5d6115f-0370-4d7c-aad3-c194cc71cf98,871c3b6c-7379-419d-bda3-794b239ab90d
5-6-2025 16:40:34-debug: Number of scenes: 4
5-6-2025 16:40:34-debug: // ---- build task Query and organize assets ---- (4ms)
5-6-2025 16:40:34-debug: run build task Query and organize assets success in 4 ms √7%
5-6-2025 16:40:34-debug: // ---- build task Organize scripts ----
5-6-2025 16:40:34-debug: Process: heapTotal 233.02MB heapUsed 196.70MB rss 248.98MB
5-6-2025 16:40:34-debug: Organize scripts start7%
5-6-2025 16:40:34-debug: sort script group...
5-6-2025 16:40:34-debug: // ---- build task Organize scripts ---- (1ms)
5-6-2025 16:40:34-debug: Process: heapTotal 233.02MB heapUsed 196.72MB rss 248.98MB
5-6-2025 16:40:34-debug: Init settings and config start10%
5-6-2025 16:40:34-debug: // ---- build task Init settings and config ----
5-6-2025 16:40:34-debug: run build task Organize scripts success in 1 ms √10%
5-6-2025 16:40:34-debug: // ---- build task Init settings and config ---- (1ms)
5-6-2025 16:40:34-debug: builder.tasks.settings.macro does not defined in i18n
5-6-2025 16:40:34-debug: builder.tasks.settings.macro start11%
5-6-2025 16:40:34-debug: run build task Init settings and config success in 1 ms √11%
5-6-2025 16:40:34-debug: // ---- build task builder.tasks.settings.macro ----
5-6-2025 16:40:34-debug: Process: heapTotal 233.02MB heapUsed 196.75MB rss 248.98MB
5-6-2025 16:40:34-debug: // ---- build task builder.tasks.settings.macro ---- (1ms)
5-6-2025 16:40:34-debug: run build task builder.tasks.settings.macro success in 1 ms √11%
5-6-2025 16:40:34-debug: Sort some build options to settings.json start11%
5-6-2025 16:40:34-debug: // ---- build task Sort some build options to settings.json ----
5-6-2025 16:40:34-debug: Process: heapTotal 233.02MB heapUsed 196.77MB rss 248.98MB
5-6-2025 16:40:34-debug: // ---- build task Sort some build options to settings.json ---- (1ms)
5-6-2025 16:40:34-debug: custom joint texture layouts start12%
5-6-2025 16:40:34-debug: // ---- build task custom joint texture layouts ----
5-6-2025 16:40:34-debug: run build task Sort some build options to settings.json success in 1 ms √12%
5-6-2025 16:40:34-debug: Process: heapTotal 233.02MB heapUsed 196.84MB rss 248.98MB
5-6-2025 16:40:34-debug: // ---- build task custom joint texture layouts ---- (1ms)
5-6-2025 16:40:34-debug: run build task custom joint texture layouts success in 1 ms √12%
5-6-2025 16:40:34-debug: custom joint physics start12%
5-6-2025 16:40:34-debug: // ---- build task custom joint physics ----
5-6-2025 16:40:34-debug: Process: heapTotal 233.02MB heapUsed 196.86MB rss 248.98MB
5-6-2025 16:40:34-debug: run build task custom joint physics success in 0 ms √13%
5-6-2025 16:40:34-debug: Fill script data to settings start13%
5-6-2025 16:40:34-debug: // ---- build task Fill script data to settings ----
5-6-2025 16:40:34-debug: Process: heapTotal 233.02MB heapUsed 196.88MB rss 249.00MB
5-6-2025 16:40:34-debug: run build task Fill script data to settings success in 0 ms √13%
5-6-2025 16:40:34-debug: Fill scene data to settings start13%
5-6-2025 16:40:34-debug: // ---- build task Fill scene data to settings ----
5-6-2025 16:40:34-debug: Process: heapTotal 233.02MB heapUsed 196.90MB rss 249.00MB
5-6-2025 16:40:34-debug: run build task Fill scene data to settings success in 0 ms √14%
5-6-2025 16:40:34-debug: Organize assets groups，generate packedAssets and rawAssets data start14%
5-6-2025 16:40:34-debug: // ---- build task Organize assets groups，generate packedAssets and rawAssets data ----
5-6-2025 16:40:34-debug: Process: heapTotal 233.02MB heapUsed 196.91MB rss 249.00MB
5-6-2025 16:40:34-debug: run build task Organize assets groups，generate packedAssets and rawAssets data success in 0 ms √14%
5-6-2025 16:40:34-debug: // ---- build task Generate md5AssetsMap from suffixMap to settings ----
5-6-2025 16:40:34-debug: Process: heapTotal 233.02MB heapUsed 196.94MB rss 249.00MB
5-6-2025 16:40:34-debug: options.md5Cache is false.
5-6-2025 16:40:34-debug: Generate md5AssetsMap from suffixMap to settings start14%
5-6-2025 16:40:34-debug: // ---- build task Generate md5AssetsMap from suffixMap to settings ---- (1ms)
5-6-2025 16:40:34-debug: run build task Generate md5AssetsMap from suffixMap to settings success in 1 ms √15%
5-6-2025 16:40:34-debug: Query all assets info in project
5-6-2025 16:40:34-debug: BuildAssetLibrary query-assets with assets 741
5-6-2025 16:40:34-debug:   Number of all scenes: 4
5-6-2025 16:40:34-debug: Query asset bundle start0%
5-6-2025 16:40:34-debug: // ---- build task Query asset bundle ----
5-6-2025 16:40:34-debug:   Number of all scripts: 12
5-6-2025 16:40:34-debug:   Number of other assets: 582
5-6-2025 16:40:34-debug: init custom config: keepNodeUuid: false, useCache: true
5-6-2025 16:40:34-debug: Process: heapTotal 233.02MB heapUsed 199.27MB rss 249.22MB
5-6-2025 16:40:34-debug: run build task Query asset bundle success in 4 ms √3%
5-6-2025 16:40:34-debug: // ---- build task Query and organize assets ----
5-6-2025 16:40:34-debug: Query and organize assets start3%
5-6-2025 16:40:34-debug: // ---- build task Query asset bundle ---- (4ms)
5-6-2025 16:40:34-debug: Process: heapTotal 233.02MB heapUsed 194.45MB rss 250.03MB
5-6-2025 16:40:34-debug: init bundle assets
5-6-2025 16:40:34-debug: Query preload assets from cc.config.json: 60f7195c-ec2a-45eb-ba94-8955f60e81d0,1c02ae6f-4492-4915-b8f8-7492a3b1e4cd,810e96e4-e456-4468-9b59-f4e8f39732c0,efe8e2a3-eace-427b-b4f1-cb8a937ec77d,e9aa9a3e-5b2b-4ac7-a2c7-073de2b2b24f,8bbdbcdd-5cd4-4100-b6d5-b7c9625b6107,50f4348b-c883-4e2f-8f11-ce233b859fa1,fda095cb-831d-4601-ad94-846013963de8,f92806d7-1768-443f-afe8-12bcde84d0f0,dd3a144d-ab7f-41f0-82b8-2e43a090d496,f0416e68-0200-4b77-a926-4f9d16e494da,ff9be190-20a4-4e48-b68c-76e3c7cff085,970b0598-bcb0-4714-91fb-2e81440dccd8,bcd64cc6-2dd9-43f6-abbe-66318d332032,d930590d-bb92-4cc8-8bd1-23cd027f9edf,a3cd009f-0ab0-420d-9278-b9fdab939bbc,9361fd90-ba52-4f84-aa93-6e878fd576ca,c27215d8-6835-4b68-bfbb-bdeac6100c04,b5d6115f-0370-4d7c-aad3-c194cc71cf98,871c3b6c-7379-419d-bda3-794b239ab90d
5-6-2025 16:40:34-debug: Number of scenes: 4
5-6-2025 16:40:34-debug: run build task Query and organize assets success in 1 ms √7%
5-6-2025 16:40:34-debug: // ---- build task Query and organize assets ---- (1ms)
5-6-2025 16:40:34-debug: Process: heapTotal 233.02MB heapUsed 194.60MB rss 250.03MB
5-6-2025 16:40:34-debug: sort script group...
5-6-2025 16:40:34-debug: Organize scripts start7%
5-6-2025 16:40:34-debug: // ---- build task Organize scripts ----
5-6-2025 16:40:34-debug: Init settings and config start10%
5-6-2025 16:40:34-debug: run build task Organize scripts success in 0 ms √10%
5-6-2025 16:40:34-debug: // ---- build task Init settings and config ----
5-6-2025 16:40:34-debug: Process: heapTotal 233.02MB heapUsed 194.62MB rss 250.03MB
5-6-2025 16:40:34-debug: run build task Init settings and config success in 0 ms √11%
5-6-2025 16:40:34-debug: builder.tasks.settings.macro start11%
5-6-2025 16:40:34-debug: // ---- build task builder.tasks.settings.macro ----
5-6-2025 16:40:34-debug: Process: heapTotal 233.02MB heapUsed 194.64MB rss 250.05MB
5-6-2025 16:40:34-debug: builder.tasks.settings.macro does not defined in i18n
5-6-2025 16:40:34-debug: // ---- build task builder.tasks.settings.macro ---- (1ms)
5-6-2025 16:40:34-debug: run build task builder.tasks.settings.macro success in 1 ms √11%
5-6-2025 16:40:34-debug: Sort some build options to settings.json start11%
5-6-2025 16:40:34-debug: // ---- build task Sort some build options to settings.json ----
5-6-2025 16:40:34-debug: Process: heapTotal 233.02MB heapUsed 194.67MB rss 250.05MB
5-6-2025 16:40:34-debug: // ---- build task Sort some build options to settings.json ---- (1ms)
5-6-2025 16:40:34-debug: custom joint texture layouts start12%
5-6-2025 16:40:34-debug: run build task Sort some build options to settings.json success in 1 ms √12%
5-6-2025 16:40:34-debug: // ---- build task custom joint texture layouts ----
5-6-2025 16:40:34-debug: Process: heapTotal 233.02MB heapUsed 194.73MB rss 250.05MB
5-6-2025 16:40:34-debug: run build task custom joint texture layouts success in 0 ms √12%
5-6-2025 16:40:34-debug: custom joint physics start12%
5-6-2025 16:40:34-debug: // ---- build task custom joint physics ----
5-6-2025 16:40:34-debug: Process: heapTotal 233.02MB heapUsed 194.75MB rss 250.05MB
5-6-2025 16:40:34-debug: run build task custom joint physics success in 0 ms √13%
5-6-2025 16:40:34-debug: Fill script data to settings start13%
5-6-2025 16:40:34-debug: // ---- build task Fill script data to settings ----
5-6-2025 16:40:34-debug: Process: heapTotal 233.02MB heapUsed 194.77MB rss 250.05MB
5-6-2025 16:40:34-debug: run build task Fill script data to settings success in 0 ms √13%
5-6-2025 16:40:34-debug: Fill scene data to settings start13%
5-6-2025 16:40:34-debug: // ---- build task Fill scene data to settings ----
5-6-2025 16:40:34-debug: Process: heapTotal 233.02MB heapUsed 194.79MB rss 250.05MB
5-6-2025 16:40:34-debug: Organize assets groups，generate packedAssets and rawAssets data start14%
5-6-2025 16:40:34-debug: run build task Fill scene data to settings success in 0 ms √14%
5-6-2025 16:40:34-debug: // ---- build task Organize assets groups，generate packedAssets and rawAssets data ----
5-6-2025 16:40:34-debug: Process: heapTotal 233.02MB heapUsed 194.81MB rss 250.05MB
5-6-2025 16:40:34-debug: run build task Organize assets groups，generate packedAssets and rawAssets data success in 0 ms √14%
5-6-2025 16:40:34-debug: Process: heapTotal 233.02MB heapUsed 194.83MB rss 250.05MB
5-6-2025 16:40:34-debug: // ---- build task Generate md5AssetsMap from suffixMap to settings ----
5-6-2025 16:40:34-debug: Generate md5AssetsMap from suffixMap to settings start14%
5-6-2025 16:40:34-debug: options.md5Cache is false.
5-6-2025 16:40:34-debug: run build task Generate md5AssetsMap from suffixMap to settings success in 1 ms √15%
5-6-2025 16:40:34-debug: // ---- build task Generate md5AssetsMap from suffixMap to settings ---- (1ms)
5-6-2025 16:40:50-debug: refresh db internal success
5-6-2025 16:40:50-debug: asset-db:worker-effect-data-processing (144ms)
5-6-2025 16:40:50-debug: %cImport%c: /Users/ADMIN/Desktop/BubbleShooterCandy_Github/BubbleShooterCandy_Cocos/assets/Scriptsbackground: #aaff85; color: #000;color: #000;
5-6-2025 16:40:50-debug: refresh db assets success
5-6-2025 16:40:50-debug: asset-db:refresh-all-database (245ms)
5-6-2025 16:40:51-debug: start refresh asset from /Users/ADMIN/Desktop/BubbleShooterCandy_Github/BubbleShooterCandy_Cocos/assets/Scenes/Game.scene...
5-6-2025 16:40:51-debug: %cImport%c: /Users/ADMIN/Desktop/BubbleShooterCandy_Github/BubbleShooterCandy_Cocos/assets/Scenes/Game.scenebackground: #aaff85; color: #000;color: #000;
5-6-2025 16:40:51-debug: refresh asset /Users/ADMIN/Desktop/BubbleShooterCandy_Github/BubbleShooterCandy_Cocos/assets/Scenes success
5-6-2025 16:40:51-debug: Query all assets info in project
5-6-2025 16:40:51-debug: BuildAssetLibrary query-assets with assets 741
5-6-2025 16:40:51-debug:   Number of other assets: 582
5-6-2025 16:40:51-debug:   Number of all scenes: 4
5-6-2025 16:40:51-debug: init custom config: keepNodeUuid: false, useCache: true
5-6-2025 16:40:51-debug:   Number of all scripts: 12
5-6-2025 16:40:51-debug: Query asset bundle start0%
5-6-2025 16:40:51-debug: // ---- build task Query asset bundle ----
5-6-2025 16:40:51-debug: Process: heapTotal 231.91MB heapUsed 197.35MB rss 256.27MB
5-6-2025 16:40:51-debug: // ---- build task Query asset bundle ---- (7ms)
5-6-2025 16:40:51-debug: run build task Query asset bundle success in 7 ms √3%
5-6-2025 16:40:51-debug: // ---- build task Query and organize assets ----
5-6-2025 16:40:51-debug: Process: heapTotal 231.59MB heapUsed 192.27MB rss 256.70MB
5-6-2025 16:40:51-debug: init bundle assets
5-6-2025 16:40:51-debug: Query and organize assets start3%
5-6-2025 16:40:51-debug: Query preload assets from cc.config.json: 60f7195c-ec2a-45eb-ba94-8955f60e81d0,1c02ae6f-4492-4915-b8f8-7492a3b1e4cd,810e96e4-e456-4468-9b59-f4e8f39732c0,efe8e2a3-eace-427b-b4f1-cb8a937ec77d,e9aa9a3e-5b2b-4ac7-a2c7-073de2b2b24f,8bbdbcdd-5cd4-4100-b6d5-b7c9625b6107,50f4348b-c883-4e2f-8f11-ce233b859fa1,fda095cb-831d-4601-ad94-846013963de8,f92806d7-1768-443f-afe8-12bcde84d0f0,dd3a144d-ab7f-41f0-82b8-2e43a090d496,f0416e68-0200-4b77-a926-4f9d16e494da,ff9be190-20a4-4e48-b68c-76e3c7cff085,970b0598-bcb0-4714-91fb-2e81440dccd8,bcd64cc6-2dd9-43f6-abbe-66318d332032,d930590d-bb92-4cc8-8bd1-23cd027f9edf,a3cd009f-0ab0-420d-9278-b9fdab939bbc,9361fd90-ba52-4f84-aa93-6e878fd576ca,c27215d8-6835-4b68-bfbb-bdeac6100c04,b5d6115f-0370-4d7c-aad3-c194cc71cf98,871c3b6c-7379-419d-bda3-794b239ab90d
5-6-2025 16:40:51-debug: Number of scenes: 4
5-6-2025 16:40:51-debug: // ---- build task Query and organize assets ---- (9ms)
5-6-2025 16:40:51-debug: Organize scripts start7%
5-6-2025 16:40:51-debug: Process: heapTotal 231.59MB heapUsed 192.43MB rss 256.72MB
5-6-2025 16:40:51-debug: sort script group...
5-6-2025 16:40:51-debug: run build task Query and organize assets success in 9 ms √7%
5-6-2025 16:40:51-debug: // ---- build task Organize scripts ----
5-6-2025 16:40:51-debug: run build task Organize scripts success in 0 ms √10%
5-6-2025 16:40:51-debug: Init settings and config start10%
5-6-2025 16:40:51-debug: // ---- build task Init settings and config ----
5-6-2025 16:40:51-debug: Process: heapTotal 231.59MB heapUsed 192.45MB rss 256.73MB
5-6-2025 16:40:51-debug: run build task Init settings and config success in 1 ms √11%
5-6-2025 16:40:51-debug: builder.tasks.settings.macro does not defined in i18n
5-6-2025 16:40:51-debug: // ---- build task Init settings and config ---- (1ms)
5-6-2025 16:40:51-debug: builder.tasks.settings.macro start11%
5-6-2025 16:40:51-debug: // ---- build task builder.tasks.settings.macro ----
5-6-2025 16:40:51-debug: Process: heapTotal 231.59MB heapUsed 192.48MB rss 256.39MB
5-6-2025 16:40:51-debug: run build task builder.tasks.settings.macro success in 1 ms √11%
5-6-2025 16:40:51-debug: Sort some build options to settings.json start11%
5-6-2025 16:40:51-debug: Process: heapTotal 231.59MB heapUsed 192.50MB rss 256.39MB
5-6-2025 16:40:51-debug: // ---- build task builder.tasks.settings.macro ---- (1ms)
5-6-2025 16:40:51-debug: // ---- build task Sort some build options to settings.json ----
5-6-2025 16:40:51-debug: // ---- build task Sort some build options to settings.json ---- (3ms)
5-6-2025 16:40:51-debug: run build task Sort some build options to settings.json success in 3 ms √12%
5-6-2025 16:40:51-debug: custom joint texture layouts start12%
5-6-2025 16:40:51-debug: // ---- build task custom joint texture layouts ----
5-6-2025 16:40:51-debug: Process: heapTotal 231.59MB heapUsed 192.58MB rss 256.59MB
5-6-2025 16:40:51-debug: // ---- build task custom joint texture layouts ---- (1ms)
5-6-2025 16:40:51-debug: Process: heapTotal 231.59MB heapUsed 192.60MB rss 256.61MB
5-6-2025 16:40:51-debug: custom joint physics start12%
5-6-2025 16:40:51-debug: // ---- build task custom joint physics ----
5-6-2025 16:40:51-debug: // ---- build task custom joint physics ---- (1ms)
5-6-2025 16:40:51-debug: // ---- build task Fill script data to settings ----
5-6-2025 16:40:51-debug: run build task custom joint physics success in 1 ms √13%
5-6-2025 16:40:51-debug: Process: heapTotal 231.59MB heapUsed 192.62MB rss 256.64MB
5-6-2025 16:40:51-debug: run build task custom joint texture layouts success in 1 ms √12%
5-6-2025 16:40:51-debug: Fill script data to settings start13%
5-6-2025 16:40:51-debug: Fill scene data to settings start13%
5-6-2025 16:40:51-debug: run build task Fill script data to settings success in 0 ms √13%
5-6-2025 16:40:51-debug: Process: heapTotal 231.59MB heapUsed 192.64MB rss 256.64MB
5-6-2025 16:40:51-debug: // ---- build task Fill scene data to settings ----
5-6-2025 16:40:51-debug: run build task Fill scene data to settings success in 0 ms √14%
5-6-2025 16:40:51-debug: Organize assets groups，generate packedAssets and rawAssets data start14%
5-6-2025 16:40:51-debug: // ---- build task Organize assets groups，generate packedAssets and rawAssets data ----
5-6-2025 16:40:51-debug: Process: heapTotal 231.59MB heapUsed 192.65MB rss 256.66MB
5-6-2025 16:40:51-debug: // ---- build task Organize assets groups，generate packedAssets and rawAssets data ---- (1ms)
5-6-2025 16:40:51-debug: run build task Organize assets groups，generate packedAssets and rawAssets data success in 1 ms √14%
5-6-2025 16:40:51-debug: Generate md5AssetsMap from suffixMap to settings start14%
5-6-2025 16:40:51-debug: // ---- build task Generate md5AssetsMap from suffixMap to settings ----
5-6-2025 16:40:51-debug: Process: heapTotal 231.59MB heapUsed 192.69MB rss 256.67MB
5-6-2025 16:40:51-debug: options.md5Cache is false.
5-6-2025 16:40:51-debug: // ---- build task Generate md5AssetsMap from suffixMap to settings ---- (1ms)
5-6-2025 16:40:51-debug: run build task Generate md5AssetsMap from suffixMap to settings success in 1 ms √15%
5-6-2025 16:40:51-debug: Query all assets info in project
5-6-2025 16:40:51-debug: BuildAssetLibrary query-assets with assets 741
5-6-2025 16:40:51-debug: init custom config: keepNodeUuid: false, useCache: true
5-6-2025 16:40:51-debug:   Number of all scenes: 4
5-6-2025 16:40:51-debug:   Number of all scripts: 12
5-6-2025 16:40:51-debug: // ---- build task Query asset bundle ----
5-6-2025 16:40:51-debug:   Number of other assets: 582
5-6-2025 16:40:51-debug: Query asset bundle start0%
5-6-2025 16:40:51-debug: Process: heapTotal 231.59MB heapUsed 195.02MB rss 256.31MB
5-6-2025 16:40:51-debug: // ---- build task Query asset bundle ---- (6ms)
5-6-2025 16:40:51-debug: Process: heapTotal 231.59MB heapUsed 197.07MB rss 257.80MB
5-6-2025 16:40:51-debug: init bundle assets
5-6-2025 16:40:51-debug: run build task Query asset bundle success in 6 ms √3%
5-6-2025 16:40:51-debug: Query and organize assets start3%
5-6-2025 16:40:51-debug: // ---- build task Query and organize assets ----
5-6-2025 16:40:51-debug: Query preload assets from cc.config.json: 60f7195c-ec2a-45eb-ba94-8955f60e81d0,1c02ae6f-4492-4915-b8f8-7492a3b1e4cd,810e96e4-e456-4468-9b59-f4e8f39732c0,efe8e2a3-eace-427b-b4f1-cb8a937ec77d,e9aa9a3e-5b2b-4ac7-a2c7-073de2b2b24f,8bbdbcdd-5cd4-4100-b6d5-b7c9625b6107,50f4348b-c883-4e2f-8f11-ce233b859fa1,fda095cb-831d-4601-ad94-846013963de8,f92806d7-1768-443f-afe8-12bcde84d0f0,dd3a144d-ab7f-41f0-82b8-2e43a090d496,f0416e68-0200-4b77-a926-4f9d16e494da,ff9be190-20a4-4e48-b68c-76e3c7cff085,970b0598-bcb0-4714-91fb-2e81440dccd8,bcd64cc6-2dd9-43f6-abbe-66318d332032,d930590d-bb92-4cc8-8bd1-23cd027f9edf,a3cd009f-0ab0-420d-9278-b9fdab939bbc,9361fd90-ba52-4f84-aa93-6e878fd576ca,c27215d8-6835-4b68-bfbb-bdeac6100c04,b5d6115f-0370-4d7c-aad3-c194cc71cf98,871c3b6c-7379-419d-bda3-794b239ab90d
5-6-2025 16:40:51-debug: Number of scenes: 4
5-6-2025 16:40:51-debug: // ---- build task Query and organize assets ---- (2ms)
5-6-2025 16:40:51-debug: run build task Query and organize assets success in 2 ms √7%
5-6-2025 16:40:51-debug: // ---- build task Organize scripts ----
5-6-2025 16:40:51-debug: sort script group...
5-6-2025 16:40:51-debug: Organize scripts start7%
5-6-2025 16:40:51-debug: Process: heapTotal 231.59MB heapUsed 197.20MB rss 257.84MB
5-6-2025 16:40:51-debug: // ---- build task Organize scripts ---- (1ms)
5-6-2025 16:40:51-debug: run build task Organize scripts success in 1 ms √10%
5-6-2025 16:40:51-debug: Init settings and config start10%
5-6-2025 16:40:51-debug: // ---- build task Init settings and config ----
5-6-2025 16:40:51-debug: Process: heapTotal 231.59MB heapUsed 197.23MB rss 257.88MB
5-6-2025 16:40:51-debug: // ---- build task Init settings and config ---- (1ms)
5-6-2025 16:40:51-debug: builder.tasks.settings.macro start11%
5-6-2025 16:40:51-debug: builder.tasks.settings.macro does not defined in i18n
5-6-2025 16:40:51-debug: // ---- build task builder.tasks.settings.macro ----
5-6-2025 16:40:51-debug: run build task Init settings and config success in 1 ms √11%
5-6-2025 16:40:51-debug: Process: heapTotal 231.59MB heapUsed 197.25MB rss 257.89MB
5-6-2025 16:40:51-debug: run build task builder.tasks.settings.macro success in 0 ms √11%
5-6-2025 16:40:51-debug: Sort some build options to settings.json start11%
5-6-2025 16:40:51-debug: // ---- build task Sort some build options to settings.json ----
5-6-2025 16:40:51-debug: Process: heapTotal 231.59MB heapUsed 197.27MB rss 257.89MB
5-6-2025 16:40:51-debug: run build task Sort some build options to settings.json success in 0 ms √12%
5-6-2025 16:40:51-debug: // ---- build task custom joint texture layouts ----
5-6-2025 16:40:51-debug: Process: heapTotal 231.59MB heapUsed 197.34MB rss 257.92MB
5-6-2025 16:40:51-debug: custom joint texture layouts start12%
5-6-2025 16:40:51-debug: run build task custom joint texture layouts success in 0 ms √12%
5-6-2025 16:40:51-debug: custom joint physics start12%
5-6-2025 16:40:51-debug: // ---- build task custom joint physics ----
5-6-2025 16:40:51-debug: Process: heapTotal 231.59MB heapUsed 197.36MB rss 257.94MB
5-6-2025 16:40:51-debug: run build task custom joint physics success in 0 ms √13%
5-6-2025 16:40:51-debug: Fill script data to settings start13%
5-6-2025 16:40:51-debug: // ---- build task Fill script data to settings ----
5-6-2025 16:40:51-debug: Process: heapTotal 231.59MB heapUsed 197.38MB rss 257.98MB
5-6-2025 16:40:51-debug: // ---- build task Fill script data to settings ---- (1ms)
5-6-2025 16:40:51-debug: run build task Fill script data to settings success in 1 ms √13%
5-6-2025 16:40:51-debug: Fill scene data to settings start13%
5-6-2025 16:40:51-debug: // ---- build task Fill scene data to settings ----
5-6-2025 16:40:51-debug: Process: heapTotal 231.59MB heapUsed 197.39MB rss 257.98MB
5-6-2025 16:40:51-debug: run build task Fill scene data to settings success in 1 ms √14%
5-6-2025 16:40:51-debug: // ---- build task Fill scene data to settings ---- (1ms)
5-6-2025 16:40:51-debug: Organize assets groups，generate packedAssets and rawAssets data start14%
5-6-2025 16:40:51-debug: // ---- build task Organize assets groups，generate packedAssets and rawAssets data ----
5-6-2025 16:40:51-debug: Process: heapTotal 231.59MB heapUsed 197.41MB rss 257.98MB
5-6-2025 16:40:51-debug: Generate md5AssetsMap from suffixMap to settings start14%
5-6-2025 16:40:51-debug: run build task Organize assets groups，generate packedAssets and rawAssets data success in 0 ms √14%
5-6-2025 16:40:51-debug: // ---- build task Generate md5AssetsMap from suffixMap to settings ----
5-6-2025 16:40:51-debug: Process: heapTotal 231.59MB heapUsed 197.44MB rss 257.98MB
5-6-2025 16:40:51-debug: options.md5Cache is false.
5-6-2025 16:40:51-debug: run build task Generate md5AssetsMap from suffixMap to settings success in 0 ms √15%
5-6-2025 16:40:51-debug: Query all assets info in project
5-6-2025 16:40:51-debug: BuildAssetLibrary query-assets with assets 741
5-6-2025 16:40:51-debug: init custom config: keepNodeUuid: false, useCache: true
5-6-2025 16:40:51-debug:   Number of all scenes: 4
5-6-2025 16:40:51-debug:   Number of all scripts: 12
5-6-2025 16:40:51-debug:   Number of other assets: 582
5-6-2025 16:40:51-debug: Query asset bundle start0%
5-6-2025 16:40:51-debug: // ---- build task Query asset bundle ----
5-6-2025 16:40:51-debug: Process: heapTotal 231.59MB heapUsed 192.59MB rss 257.86MB
5-6-2025 16:40:51-debug: // ---- build task Query asset bundle ---- (4ms)
5-6-2025 16:40:51-debug: run build task Query asset bundle success in 4 ms √3%
5-6-2025 16:40:51-debug: Query and organize assets start3%
5-6-2025 16:40:51-debug: // ---- build task Query and organize assets ----
5-6-2025 16:40:51-debug: Process: heapTotal 231.59MB heapUsed 194.62MB rss 257.86MB
5-6-2025 16:40:51-debug: init bundle assets
5-6-2025 16:40:51-debug: Query preload assets from cc.config.json: 60f7195c-ec2a-45eb-ba94-8955f60e81d0,1c02ae6f-4492-4915-b8f8-7492a3b1e4cd,810e96e4-e456-4468-9b59-f4e8f39732c0,efe8e2a3-eace-427b-b4f1-cb8a937ec77d,e9aa9a3e-5b2b-4ac7-a2c7-073de2b2b24f,8bbdbcdd-5cd4-4100-b6d5-b7c9625b6107,50f4348b-c883-4e2f-8f11-ce233b859fa1,fda095cb-831d-4601-ad94-846013963de8,f92806d7-1768-443f-afe8-12bcde84d0f0,dd3a144d-ab7f-41f0-82b8-2e43a090d496,f0416e68-0200-4b77-a926-4f9d16e494da,ff9be190-20a4-4e48-b68c-76e3c7cff085,970b0598-bcb0-4714-91fb-2e81440dccd8,bcd64cc6-2dd9-43f6-abbe-66318d332032,d930590d-bb92-4cc8-8bd1-23cd027f9edf,a3cd009f-0ab0-420d-9278-b9fdab939bbc,9361fd90-ba52-4f84-aa93-6e878fd576ca,c27215d8-6835-4b68-bfbb-bdeac6100c04,b5d6115f-0370-4d7c-aad3-c194cc71cf98,871c3b6c-7379-419d-bda3-794b239ab90d
5-6-2025 16:40:51-debug: Number of scenes: 4
5-6-2025 16:40:51-debug: // ---- build task Query and organize assets ---- (3ms)
5-6-2025 16:40:51-debug: // ---- build task Organize scripts ----
5-6-2025 16:40:51-debug: sort script group...
5-6-2025 16:40:51-debug: run build task Query and organize assets success in 3 ms √7%
5-6-2025 16:40:51-debug: Process: heapTotal 231.59MB heapUsed 194.76MB rss 257.88MB
5-6-2025 16:40:51-debug: Organize scripts start7%
5-6-2025 16:40:51-debug: // ---- build task Organize scripts ---- (1ms)
5-6-2025 16:40:51-debug: run build task Organize scripts success in 1 ms √10%
5-6-2025 16:40:51-debug: Init settings and config start10%
5-6-2025 16:40:51-debug: // ---- build task Init settings and config ----
5-6-2025 16:40:51-debug: Process: heapTotal 231.59MB heapUsed 194.79MB rss 257.88MB
5-6-2025 16:40:51-debug: run build task Init settings and config success in 0 ms √11%
5-6-2025 16:40:51-debug: builder.tasks.settings.macro does not defined in i18n
5-6-2025 16:40:51-debug: builder.tasks.settings.macro start11%
5-6-2025 16:40:51-debug: // ---- build task builder.tasks.settings.macro ----
5-6-2025 16:40:51-debug: Process: heapTotal 231.59MB heapUsed 194.81MB rss 257.88MB
5-6-2025 16:40:51-debug: // ---- build task builder.tasks.settings.macro ---- (1ms)
5-6-2025 16:40:51-debug: run build task builder.tasks.settings.macro success in 1 ms √11%
5-6-2025 16:40:51-debug: Sort some build options to settings.json start11%
5-6-2025 16:40:51-debug: // ---- build task Sort some build options to settings.json ----
5-6-2025 16:40:51-debug: Process: heapTotal 231.59MB heapUsed 194.83MB rss 249.22MB
5-6-2025 16:40:51-debug: // ---- build task Sort some build options to settings.json ---- (1ms)
5-6-2025 16:40:51-debug: custom joint texture layouts start12%
5-6-2025 16:40:51-debug: // ---- build task custom joint texture layouts ----
5-6-2025 16:40:51-debug: Process: heapTotal 231.59MB heapUsed 194.90MB rss 248.27MB
5-6-2025 16:40:51-debug: run build task Sort some build options to settings.json success in 1 ms √12%
5-6-2025 16:40:51-debug: run build task custom joint texture layouts success in 0 ms √12%
5-6-2025 16:40:51-debug: // ---- build task custom joint physics ----
5-6-2025 16:40:51-debug: Process: heapTotal 231.59MB heapUsed 194.92MB rss 248.27MB
5-6-2025 16:40:51-debug: custom joint physics start12%
5-6-2025 16:40:51-debug: run build task custom joint physics success in 0 ms √13%
5-6-2025 16:40:51-debug: Fill script data to settings start13%
5-6-2025 16:40:51-debug: // ---- build task Fill script data to settings ----
5-6-2025 16:40:51-debug: Process: heapTotal 231.59MB heapUsed 194.94MB rss 248.27MB
5-6-2025 16:40:51-debug: run build task Fill script data to settings success in 0 ms √13%
5-6-2025 16:40:51-debug: // ---- build task Fill scene data to settings ----
5-6-2025 16:40:51-debug: Fill scene data to settings start13%
5-6-2025 16:40:51-debug: Process: heapTotal 231.59MB heapUsed 194.95MB rss 248.28MB
5-6-2025 16:40:51-debug: run build task Fill scene data to settings success in 0 ms √14%
5-6-2025 16:40:51-debug: Organize assets groups，generate packedAssets and rawAssets data start14%
5-6-2025 16:40:51-debug: // ---- build task Organize assets groups，generate packedAssets and rawAssets data ----
5-6-2025 16:40:51-debug: Process: heapTotal 231.59MB heapUsed 194.97MB rss 248.28MB
5-6-2025 16:40:51-debug: // ---- build task Organize assets groups，generate packedAssets and rawAssets data ---- (1ms)
5-6-2025 16:40:51-debug: run build task Organize assets groups，generate packedAssets and rawAssets data success in 1 ms √14%
5-6-2025 16:40:51-debug: Generate md5AssetsMap from suffixMap to settings start14%
5-6-2025 16:40:51-debug: // ---- build task Generate md5AssetsMap from suffixMap to settings ----
5-6-2025 16:40:51-debug: Process: heapTotal 231.59MB heapUsed 195.00MB rss 248.28MB
5-6-2025 16:40:51-debug: options.md5Cache is false.
5-6-2025 16:40:51-debug: // ---- build task Generate md5AssetsMap from suffixMap to settings ---- (1ms)
5-6-2025 16:40:51-debug: run build task Generate md5AssetsMap from suffixMap to settings success in 1 ms √15%
5-6-2025 16:40:51-debug: Query all assets info in project
5-6-2025 16:40:52-debug: BuildAssetLibrary query-assets with assets 741
5-6-2025 16:40:52-debug:   Number of all scenes: 4
5-6-2025 16:40:52-debug:   Number of all scripts: 12
5-6-2025 16:40:52-debug: // ---- build task Query asset bundle ----
5-6-2025 16:40:52-debug: Query asset bundle start0%
5-6-2025 16:40:52-debug:   Number of other assets: 582
5-6-2025 16:40:52-debug: init custom config: keepNodeUuid: false, useCache: true
5-6-2025 16:40:52-debug: Process: heapTotal 231.59MB heapUsed 197.33MB rss 248.28MB
5-6-2025 16:40:52-debug: // ---- build task Query asset bundle ---- (7ms)
5-6-2025 16:40:52-debug: Query and organize assets start3%
5-6-2025 16:40:52-debug: run build task Query asset bundle success in 7 ms √3%
5-6-2025 16:40:52-debug: Process: heapTotal 231.59MB heapUsed 192.29MB rss 248.33MB
5-6-2025 16:40:52-debug: // ---- build task Query and organize assets ----
5-6-2025 16:40:52-debug: init bundle assets
5-6-2025 16:40:52-debug: Query preload assets from cc.config.json: 60f7195c-ec2a-45eb-ba94-8955f60e81d0,1c02ae6f-4492-4915-b8f8-7492a3b1e4cd,810e96e4-e456-4468-9b59-f4e8f39732c0,efe8e2a3-eace-427b-b4f1-cb8a937ec77d,e9aa9a3e-5b2b-4ac7-a2c7-073de2b2b24f,8bbdbcdd-5cd4-4100-b6d5-b7c9625b6107,50f4348b-c883-4e2f-8f11-ce233b859fa1,fda095cb-831d-4601-ad94-846013963de8,f92806d7-1768-443f-afe8-12bcde84d0f0,dd3a144d-ab7f-41f0-82b8-2e43a090d496,f0416e68-0200-4b77-a926-4f9d16e494da,ff9be190-20a4-4e48-b68c-76e3c7cff085,970b0598-bcb0-4714-91fb-2e81440dccd8,bcd64cc6-2dd9-43f6-abbe-66318d332032,d930590d-bb92-4cc8-8bd1-23cd027f9edf,a3cd009f-0ab0-420d-9278-b9fdab939bbc,9361fd90-ba52-4f84-aa93-6e878fd576ca,c27215d8-6835-4b68-bfbb-bdeac6100c04,b5d6115f-0370-4d7c-aad3-c194cc71cf98,871c3b6c-7379-419d-bda3-794b239ab90d
5-6-2025 16:40:52-debug: Number of scenes: 4
5-6-2025 16:40:52-debug: // ---- build task Query and organize assets ---- (1ms)
5-6-2025 16:40:52-debug: run build task Query and organize assets success in 1 ms √7%
5-6-2025 16:40:52-debug: Organize scripts start7%
5-6-2025 16:40:52-debug: // ---- build task Organize scripts ----
5-6-2025 16:40:52-debug: sort script group...
5-6-2025 16:40:52-debug: Process: heapTotal 231.59MB heapUsed 192.42MB rss 248.34MB
5-6-2025 16:40:52-debug: run build task Organize scripts success in 0 ms √10%
5-6-2025 16:40:52-debug: // ---- build task Init settings and config ----
5-6-2025 16:40:52-debug: Process: heapTotal 231.59MB heapUsed 192.45MB rss 248.34MB
5-6-2025 16:40:52-debug: Init settings and config start10%
5-6-2025 16:40:52-debug: run build task Init settings and config success in 1 ms √11%
5-6-2025 16:40:52-debug: builder.tasks.settings.macro does not defined in i18n
5-6-2025 16:40:52-debug: builder.tasks.settings.macro start11%
5-6-2025 16:40:52-debug: // ---- build task builder.tasks.settings.macro ----
5-6-2025 16:40:52-debug: // ---- build task Init settings and config ---- (1ms)
5-6-2025 16:40:52-debug: Process: heapTotal 231.59MB heapUsed 192.47MB rss 248.34MB
5-6-2025 16:40:52-debug: run build task builder.tasks.settings.macro success in 1 ms √11%
5-6-2025 16:40:52-debug: Sort some build options to settings.json start11%
5-6-2025 16:40:52-debug: // ---- build task Sort some build options to settings.json ----
5-6-2025 16:40:52-debug: Process: heapTotal 231.59MB heapUsed 192.49MB rss 248.34MB
5-6-2025 16:40:52-debug: // ---- build task builder.tasks.settings.macro ---- (1ms)
5-6-2025 16:40:52-debug: // ---- build task Sort some build options to settings.json ---- (4ms)
5-6-2025 16:40:52-debug: custom joint texture layouts start12%
5-6-2025 16:40:52-debug: run build task Sort some build options to settings.json success in 4 ms √12%
5-6-2025 16:40:52-debug: // ---- build task custom joint texture layouts ----
5-6-2025 16:40:52-debug: Process: heapTotal 231.59MB heapUsed 192.56MB rss 248.36MB
5-6-2025 16:40:52-debug: run build task custom joint texture layouts success in 1 ms √12%
5-6-2025 16:40:52-debug: // ---- build task custom joint texture layouts ---- (1ms)
5-6-2025 16:40:52-debug: custom joint physics start12%
5-6-2025 16:40:52-debug: // ---- build task custom joint physics ----
5-6-2025 16:40:52-debug: Process: heapTotal 231.59MB heapUsed 192.58MB rss 248.36MB
5-6-2025 16:40:52-debug: run build task custom joint physics success in 0 ms √13%
5-6-2025 16:40:52-debug: Fill script data to settings start13%
5-6-2025 16:40:52-debug: // ---- build task Fill script data to settings ----
5-6-2025 16:40:52-debug: Process: heapTotal 231.59MB heapUsed 192.60MB rss 248.34MB
5-6-2025 16:40:52-debug: run build task Fill script data to settings success in 0 ms √13%
5-6-2025 16:40:52-debug: Fill scene data to settings start13%
5-6-2025 16:40:52-debug: // ---- build task Fill scene data to settings ----
5-6-2025 16:40:52-debug: Process: heapTotal 231.59MB heapUsed 192.62MB rss 248.34MB
5-6-2025 16:40:52-debug: // ---- build task Fill scene data to settings ---- (1ms)
5-6-2025 16:40:52-debug: run build task Fill scene data to settings success in 1 ms √14%
5-6-2025 16:40:52-debug: Organize assets groups，generate packedAssets and rawAssets data start14%
5-6-2025 16:40:52-debug: // ---- build task Organize assets groups，generate packedAssets and rawAssets data ----
5-6-2025 16:40:52-debug: Process: heapTotal 231.59MB heapUsed 192.64MB rss 248.34MB
5-6-2025 16:40:52-debug: run build task Organize assets groups，generate packedAssets and rawAssets data success in 0 ms √14%
5-6-2025 16:40:52-debug: options.md5Cache is false.
5-6-2025 16:40:52-debug: Generate md5AssetsMap from suffixMap to settings start14%
5-6-2025 16:40:52-debug: // ---- build task Generate md5AssetsMap from suffixMap to settings ----
5-6-2025 16:40:52-debug: Process: heapTotal 231.59MB heapUsed 192.66MB rss 248.34MB
5-6-2025 16:40:52-debug: run build task Generate md5AssetsMap from suffixMap to settings success in 0 ms √15%
5-6-2025 16:42:35-debug: refresh db internal success
5-6-2025 16:42:35-debug: asset-db:worker-effect-data-processing (119ms)
5-6-2025 16:42:35-debug: refresh db assets success
5-6-2025 16:42:35-debug: asset-db:refresh-all-database (159ms)
